#-----------------------------------------------------------
# Webtalk v2018.2 (64-bit)
# SW Build 2258646 on Thu Jun 14 20:02:38 MDT 2018
# 
# Start of session at: Fri Oct 18 22:37:47 2024
# Process ID: 3153246
# Current directory: /home/bernardo/vivado/Frequency_out/Frequency_out.sdk/webtalk
# Command line: wbtcv -mode batch -source sdk_webtalk.tcl
# Log file: /home/bernardo/vivado/Frequency_out/Frequency_out.sdk/webtalk/webtalk.log
# Journal file: /home/bernardo/vivado/Frequency_out/Frequency_out.sdk/webtalk/webtalk.jou
#-----------------------------------------------------------
source sdk_webtalk.tcl
# webtalk_init -webtalk_dir /home/bernardo/vivado/Frequency_out/Frequency_out.sdk/webtalk
# webtalk_register_client -client project
# webtalk_add_data -client project -key date_generated -value "2024-10-18 22:37:47" -context "software_version_and_target_device"
# webtalk_add_data -client project -key product_version -value "SDK v2018.2" -context "software_version_and_target_device"
# webtalk_add_data -client project -key build_version -value "2018.2" -context "software_version_and_target_device"
# webtalk_add_data -client project -key os_platform -value "amd64" -context "software_version_and_target_device"
# webtalk_add_data -client project -key registration_id -value "174215380_174171543_210742938_749" -context "software_version_and_target_device"
# webtalk_add_data -client project -key tool_flow -value "SDK" -context "software_version_and_target_device"
# webtalk_add_data -client project -key beta -value "false" -context "software_version_and_target_device"
# webtalk_add_data -client project -key route_design -value "NA" -context "software_version_and_target_device"
# webtalk_add_data -client project -key target_family -value "NA" -context "software_version_and_target_device"
# webtalk_add_data -client project -key target_device -value "NA" -context "software_version_and_target_device"
# webtalk_add_data -client project -key target_package -value "NA" -context "software_version_and_target_device"
# webtalk_add_data -client project -key target_speed -value "NA" -context "software_version_and_target_device"
# webtalk_add_data -client project -key random_id -value "tahsd73snu4s148bd6li36ptad" -context "software_version_and_target_device"
# webtalk_add_data -client project -key project_id -value "2018.2_18" -context "software_version_and_target_device"
# webtalk_add_data -client project -key project_iteration -value "18" -context "software_version_and_target_device"
# webtalk_add_data -client project -key os_name -value "Linuxmint" -context "user_environment"
# webtalk_add_data -client project -key os_release -value "Linux Mint 21.1" -context "user_environment"
# webtalk_add_data -client project -key cpu_name -value "11th Gen Intel(R) Core(TM) i7-11700 @ 2.50GHz" -context "user_environment"
# webtalk_add_data -client project -key cpu_speed -value "2500.000 MHz" -context "user_environment"
# webtalk_add_data -client project -key total_processors -value "1" -context "user_environment"
# webtalk_add_data -client project -key system_ram -value "33.513 GB" -context "user_environment"
# webtalk_register_client -client sdk
# webtalk_add_data -client sdk -key uid -value "1729281717000" -context "sdk\\\\bsp/1729281717000"
# webtalk_add_data -client sdk -key hwid -value "1729280019000" -context "sdk\\\\bsp/1729281717000"
# webtalk_add_data -client sdk -key os -value "standalone" -context "sdk\\\\bsp/1729281717000"
# webtalk_add_data -client sdk -key apptemplate -value "hello_world" -context "sdk\\\\bsp/1729281717000"
# webtalk_add_data -client sdk -key RecordType -value "BSPCreation" -context "sdk\\\\bsp/1729281717000"
# webtalk_add_data -client sdk -key projSize -value "184.234375" -context "sdk\\\\bsp/1729281717000"
# webtalk_add_data -client sdk -key uid -value "1729281717000" -context "sdk\\\\application/1729281717000"
# webtalk_add_data -client sdk -key hwid -value "1729280019000" -context "sdk\\\\application/1729281717000"
# webtalk_add_data -client sdk -key bspid -value "1729281717000" -context "sdk\\\\application/1729281717000"
# webtalk_add_data -client sdk -key newbsp -value "true" -context "sdk\\\\application/1729281717000"
# webtalk_add_data -client sdk -key os -value "standalone" -context "sdk\\\\application/1729281717000"
# webtalk_add_data -client sdk -key apptemplate -value "hello_world" -context "sdk\\\\application/1729281717000"
# webtalk_add_data -client sdk -key RecordType -value "APPCreation" -context "sdk\\\\application/1729281717000"
# webtalk_add_data -client sdk -key LangUsed -value "C" -context "sdk\\\\application/1729281717000"
# webtalk_add_data -client sdk -key Procused -value "ps7_cortexa9" -context "sdk\\\\application/1729281717000"
# webtalk_add_data -client sdk -key projSize -value "184.234375" -context "sdk\\\\application/1729281717000"
# webtalk_add_data -client sdk -key uid -value "NA" -context "sdk\\\\bsp/1729283867076"
# webtalk_add_data -client sdk -key RecordType -value "ToolUsage" -context "sdk\\\\bsp/1729283867076"
# webtalk_add_data -client sdk -key BootgenCount -value "0" -context "sdk\\\\bsp/1729283867076"
# webtalk_add_data -client sdk -key DebugCount -value "1" -context "sdk\\\\bsp/1729283867076"
# webtalk_add_data -client sdk -key PerfCount -value "0" -context "sdk\\\\bsp/1729283867076"
# webtalk_add_data -client sdk -key FlashCount -value "0" -context "sdk\\\\bsp/1729283867076"
# webtalk_add_data -client sdk -key CrossTriggCount -value "0" -context "sdk\\\\bsp/1729283867076"
# webtalk_add_data -client sdk -key QemuDebugCount -value "0" -context "sdk\\\\bsp/1729283867076"
# webtalk_transmit -clientid 2799159624 -regid "174215380_174171543_210742938_749" -xml /home/bernardo/vivado/Frequency_out/Frequency_out.sdk/webtalk/usage_statistics_ext_sdk.xml -html /home/bernardo/vivado/Frequency_out/Frequency_out.sdk/webtalk/usage_statistics_ext_sdk.html -wdm /home/bernardo/vivado/Frequency_out/Frequency_out.sdk/webtalk/sdk_webtalk.wdm -intro "<H3>SDK Usage Report</H3><BR>"
# webtalk_terminate
INFO: [Common 17-206] Exiting Webtalk at Fri Oct 18 22:37:48 2024...
