21:33:35 INFO  : Registering command handlers for SDK TCF services
21:33:36 INFO  : Launching XSCT server: xsct -n -interactive /home/bernardo/vivado/Frequency_out/Frequency_out.sdk/temp_xsdb_launch_script.tcl
21:33:37 INFO  : XSCT server has started successfully.
21:33:37 INFO  : Successfully done setting XSCT server connection channel  
21:33:37 INFO  : Successfully done setting SDK workspace  
21:33:37 INFO  : Processing command line option -hwspec /home/bernardo/vivado/Frequency_out/Frequency_out.sdk/TOP.hdf.
22:01:24 INFO  : Launching XSCT server: xsct -n -interactive /home/bernardo/vivado/Frequency_out/Frequency_out.sdk/temp_xsdb_launch_script.tcl
22:01:25 INFO  : XSCT server has started successfully.
22:01:25 INFO  : Successfully done setting XSCT server connection channel  
22:01:25 INFO  : Successfully done setting SDK workspace  
22:01:27 INFO  : Registering command handlers for SDK TCF services
22:01:27 INFO  : Processing command line option -hwspec /home/bernardo/vivado/Frequency_out/Frequency_out.sdk/TOP.hdf.
22:01:27 INFO  : Checking for hwspec changes in the project TOP_hw_platform_0.
22:01:27 INFO  : SDK has detected change in the last modified timestamps for source hardware specification file Source:1729281659000,  Project:1729279782000
22:01:27 INFO  : The hardware specification for project 'TOP_hw_platform_0' is different from /home/bernardo/vivado/Frequency_out/Frequency_out.sdk/TOP.hdf.
22:01:27 INFO  : Copied contents of /home/bernardo/vivado/Frequency_out/Frequency_out.sdk/TOP.hdf into /TOP_hw_platform_0/system.hdf.
22:01:29 INFO  : Synchronizing projects in the workspace with the hardware platform specification changes.
22:01:30 INFO  : 
22:01:31 INFO  : Updating hardware inferred compiler options for hello.
22:01:31 INFO  : Clearing existing target manager status.
22:01:31 INFO  : Closing and re-opening the MSS file of ther project hello_bsp
22:01:31 INFO  : Workspace synchronized with the new hardware specification file. Cleaning dependent projects...
22:01:32 WARN  : Linker script will not be updated automatically. Users need to update it manually.
22:02:42 INFO  : Connected to target on host '127.0.0.1' and port '3121'.
22:02:42 INFO  : Jtag cable 'Digilent Zed 210248780447' is selected.
22:02:42 INFO  : 'jtag frequency' command is executed.
22:02:42 INFO  : Sourcing of '/home/bernardo/vivado/Frequency_out/Frequency_out.sdk/TOP_hw_platform_0/ps7_init.tcl' is done.
22:02:42 INFO  : Context for 'APU' is selected.
22:02:42 INFO  : System reset is completed.
22:02:45 INFO  : 'after 3000' command is executed.
22:02:45 INFO  : 'targets -set -filter {jtag_cable_name =~ "Digilent Zed 210248780447" && level==0} -index 1' command is executed.
22:02:48 INFO  : FPGA configured successfully with bitstream "/home/bernardo/vivado/Frequency_out/Frequency_out.sdk/TOP_hw_platform_0/TOP.bit"
22:02:48 INFO  : Context for 'APU' is selected.
22:02:48 INFO  : Hardware design information is loaded from '/home/bernardo/vivado/Frequency_out/Frequency_out.sdk/TOP_hw_platform_0/system.hdf'.
22:02:48 INFO  : 'configparams force-mem-access 1' command is executed.
22:02:48 INFO  : Context for 'APU' is selected.
22:02:48 INFO  : 'ps7_init' command is executed.
22:02:48 INFO  : 'ps7_post_config' command is executed.
22:02:48 INFO  : Context for processor 'ps7_cortexa9_0' is selected.
22:02:48 INFO  : The application '/home/bernardo/vivado/Frequency_out/Frequency_out.sdk/top/Debug/top.elf' is downloaded to processor 'ps7_cortexa9_0'.
22:02:48 INFO  : 'configparams force-mem-access 0' command is executed.
22:02:48 INFO  : ----------------XSDB Script----------------
connect -url tcp:127.0.0.1:3121
source /home/bernardo/vivado/Frequency_out/Frequency_out.sdk/TOP_hw_platform_0/ps7_init.tcl
targets -set -nocase -filter {name =~"APU*" && jtag_cable_name =~ "Digilent Zed 210248780447"} -index 0
rst -system
after 3000
targets -set -filter {jtag_cable_name =~ "Digilent Zed 210248780447" && level==0} -index 1
fpga -file /home/bernardo/vivado/Frequency_out/Frequency_out.sdk/TOP_hw_platform_0/TOP.bit
targets -set -nocase -filter {name =~"APU*" && jtag_cable_name =~ "Digilent Zed 210248780447"} -index 0
loadhw -hw /home/bernardo/vivado/Frequency_out/Frequency_out.sdk/TOP_hw_platform_0/system.hdf -mem-ranges [list {0x40000000 0xbfffffff}]
configparams force-mem-access 1
targets -set -nocase -filter {name =~"APU*" && jtag_cable_name =~ "Digilent Zed 210248780447"} -index 0
ps7_init
ps7_post_config
targets -set -nocase -filter {name =~ "ARM*#0" && jtag_cable_name =~ "Digilent Zed 210248780447"} -index 0
dow /home/bernardo/vivado/Frequency_out/Frequency_out.sdk/top/Debug/top.elf
configparams force-mem-access 0
----------------End of Script----------------

22:02:48 INFO  : Memory regions updated for context APU
22:02:48 INFO  : Context for processor 'ps7_cortexa9_0' is selected.
22:02:48 INFO  : 'con' command is executed.
22:02:48 INFO  : ----------------XSDB Script (After Launch)----------------
targets -set -nocase -filter {name =~ "ARM*#0" && jtag_cable_name =~ "Digilent Zed 210248780447"} -index 0
con
----------------End of Script----------------

22:02:48 INFO  : Launch script is exported to file '/home/bernardo/vivado/Frequency_out/Frequency_out.sdk/.sdk/launch_scripts/xilinx_c-c++_application_(system_debugger)/system_debugger_using_debug_top.elf_on_local.tcl'
22:37:47 INFO  : Disconnected from the channel tcfchan#1.
19:34:29 INFO  : Launching XSCT server: xsct -n -interactive /home/bernardo/vivado/Frequency_out/Frequency_out.sdk/temp_xsdb_launch_script.tcl
19:34:30 INFO  : XSCT server has started successfully.
19:34:30 INFO  : Successfully done setting XSCT server connection channel  
19:34:30 INFO  : Successfully done setting SDK workspace  
19:34:32 INFO  : Registering command handlers for SDK TCF services
19:34:32 INFO  : Processing command line option -hwspec /home/bernardo/vivado/Frequency_out/Frequency_out.sdk/TOP.hdf.
19:34:32 INFO  : Checking for hwspec changes in the project TOP_hw_platform_0.
19:34:32 INFO  : SDK has detected change in the last modified timestamps for source hardware specification file Source:1729618379000,  Project:1729281659000
19:34:32 INFO  : The hardware specification for project 'TOP_hw_platform_0' is different from /home/bernardo/vivado/Frequency_out/Frequency_out.sdk/TOP.hdf.
19:34:32 INFO  : Copied contents of /home/bernardo/vivado/Frequency_out/Frequency_out.sdk/TOP.hdf into /TOP_hw_platform_0/system.hdf.
19:34:34 INFO  : Synchronizing projects in the workspace with the hardware platform specification changes.
19:34:35 INFO  : 
19:34:36 INFO  : Updating hardware inferred compiler options for top.
19:34:36 INFO  : Clearing existing target manager status.
19:34:36 INFO  : Closing and re-opening the MSS file of ther project top_bsp
19:34:36 INFO  : Workspace synchronized with the new hardware specification file. Cleaning dependent projects...
19:34:37 WARN  : Linker script will not be updated automatically. Users need to update it manually.
19:34:42 INFO  : Connected to target on host '127.0.0.1' and port '3121'.
19:34:42 INFO  : Jtag cable 'Digilent Zed 210248780447' is selected.
19:34:42 INFO  : 'jtag frequency' command is executed.
19:34:42 INFO  : Sourcing of '/home/bernardo/vivado/Frequency_out/Frequency_out.sdk/TOP_hw_platform_0/ps7_init.tcl' is done.
19:34:42 INFO  : Context for 'APU' is selected.
19:34:42 INFO  : System reset is completed.
19:34:45 INFO  : 'after 3000' command is executed.
19:34:45 INFO  : 'targets -set -filter {jtag_cable_name =~ "Digilent Zed 210248780447" && level==0} -index 1' command is executed.
19:34:48 INFO  : FPGA configured successfully with bitstream "/home/bernardo/vivado/Frequency_out/Frequency_out.sdk/TOP_hw_platform_0/TOP.bit"
19:34:48 INFO  : Context for 'APU' is selected.
19:34:48 INFO  : Hardware design information is loaded from '/home/bernardo/vivado/Frequency_out/Frequency_out.sdk/TOP_hw_platform_0/system.hdf'.
19:34:48 INFO  : 'configparams force-mem-access 1' command is executed.
19:34:48 INFO  : Context for 'APU' is selected.
19:34:48 INFO  : 'ps7_init' command is executed.
19:34:48 INFO  : 'ps7_post_config' command is executed.
19:34:48 INFO  : Context for processor 'ps7_cortexa9_0' is selected.
19:34:48 INFO  : The application '/home/bernardo/vivado/Frequency_out/Frequency_out.sdk/top/Debug/top.elf' is downloaded to processor 'ps7_cortexa9_0'.
19:34:48 INFO  : 'configparams force-mem-access 0' command is executed.
19:34:48 INFO  : ----------------XSDB Script----------------
connect -url tcp:127.0.0.1:3121
source /home/bernardo/vivado/Frequency_out/Frequency_out.sdk/TOP_hw_platform_0/ps7_init.tcl
targets -set -nocase -filter {name =~"APU*" && jtag_cable_name =~ "Digilent Zed 210248780447"} -index 0
rst -system
after 3000
targets -set -filter {jtag_cable_name =~ "Digilent Zed 210248780447" && level==0} -index 1
fpga -file /home/bernardo/vivado/Frequency_out/Frequency_out.sdk/TOP_hw_platform_0/TOP.bit
targets -set -nocase -filter {name =~"APU*" && jtag_cable_name =~ "Digilent Zed 210248780447"} -index 0
loadhw -hw /home/bernardo/vivado/Frequency_out/Frequency_out.sdk/TOP_hw_platform_0/system.hdf -mem-ranges [list {0x40000000 0xbfffffff}]
configparams force-mem-access 1
targets -set -nocase -filter {name =~"APU*" && jtag_cable_name =~ "Digilent Zed 210248780447"} -index 0
ps7_init
ps7_post_config
targets -set -nocase -filter {name =~ "ARM*#0" && jtag_cable_name =~ "Digilent Zed 210248780447"} -index 0
dow /home/bernardo/vivado/Frequency_out/Frequency_out.sdk/top/Debug/top.elf
configparams force-mem-access 0
----------------End of Script----------------

19:34:48 INFO  : Memory regions updated for context APU
19:34:48 INFO  : Context for processor 'ps7_cortexa9_0' is selected.
19:34:48 INFO  : 'con' command is executed.
19:34:48 INFO  : ----------------XSDB Script (After Launch)----------------
targets -set -nocase -filter {name =~ "ARM*#0" && jtag_cable_name =~ "Digilent Zed 210248780447"} -index 0
con
----------------End of Script----------------

19:34:48 INFO  : Launch script is exported to file '/home/bernardo/vivado/Frequency_out/Frequency_out.sdk/.sdk/launch_scripts/xilinx_c-c++_application_(system_debugger)/system_debugger_using_debug_top.elf_on_local.tcl'
19:36:21 INFO  : Disconnected from the channel tcfchan#1.
19:36:22 INFO  : Connected to target on host '127.0.0.1' and port '3121'.
19:36:22 INFO  : Jtag cable 'Digilent Zed 210248780447' is selected.
19:36:22 INFO  : 'jtag frequency' command is executed.
19:36:22 INFO  : Sourcing of '/home/bernardo/vivado/Frequency_out/Frequency_out.sdk/TOP_hw_platform_0/ps7_init.tcl' is done.
19:36:22 INFO  : Context for 'APU' is selected.
19:36:22 INFO  : System reset is completed.
19:36:25 INFO  : 'after 3000' command is executed.
19:36:25 INFO  : 'targets -set -filter {jtag_cable_name =~ "Digilent Zed 210248780447" && level==0} -index 1' command is executed.
19:36:28 INFO  : FPGA configured successfully with bitstream "/home/bernardo/vivado/Frequency_out/Frequency_out.sdk/TOP_hw_platform_0/TOP.bit"
19:36:28 INFO  : Context for 'APU' is selected.
19:36:28 INFO  : Hardware design information is loaded from '/home/bernardo/vivado/Frequency_out/Frequency_out.sdk/TOP_hw_platform_0/system.hdf'.
19:36:28 INFO  : 'configparams force-mem-access 1' command is executed.
19:36:28 INFO  : Context for 'APU' is selected.
19:36:29 INFO  : 'ps7_init' command is executed.
19:36:29 INFO  : 'ps7_post_config' command is executed.
19:36:29 INFO  : Context for processor 'ps7_cortexa9_0' is selected.
19:36:29 INFO  : The application '/home/bernardo/vivado/Frequency_out/Frequency_out.sdk/top/Debug/top.elf' is downloaded to processor 'ps7_cortexa9_0'.
19:36:29 INFO  : 'configparams force-mem-access 0' command is executed.
19:36:29 INFO  : ----------------XSDB Script----------------
connect -url tcp:127.0.0.1:3121
source /home/bernardo/vivado/Frequency_out/Frequency_out.sdk/TOP_hw_platform_0/ps7_init.tcl
targets -set -nocase -filter {name =~"APU*" && jtag_cable_name =~ "Digilent Zed 210248780447"} -index 0
rst -system
after 3000
targets -set -filter {jtag_cable_name =~ "Digilent Zed 210248780447" && level==0} -index 1
fpga -file /home/bernardo/vivado/Frequency_out/Frequency_out.sdk/TOP_hw_platform_0/TOP.bit
targets -set -nocase -filter {name =~"APU*" && jtag_cable_name =~ "Digilent Zed 210248780447"} -index 0
loadhw -hw /home/bernardo/vivado/Frequency_out/Frequency_out.sdk/TOP_hw_platform_0/system.hdf -mem-ranges [list {0x40000000 0xbfffffff}]
configparams force-mem-access 1
targets -set -nocase -filter {name =~"APU*" && jtag_cable_name =~ "Digilent Zed 210248780447"} -index 0
ps7_init
ps7_post_config
targets -set -nocase -filter {name =~ "ARM*#0" && jtag_cable_name =~ "Digilent Zed 210248780447"} -index 0
dow /home/bernardo/vivado/Frequency_out/Frequency_out.sdk/top/Debug/top.elf
configparams force-mem-access 0
----------------End of Script----------------

19:36:29 INFO  : Memory regions updated for context APU
19:36:29 INFO  : Context for processor 'ps7_cortexa9_0' is selected.
19:36:29 INFO  : 'con' command is executed.
19:36:29 INFO  : ----------------XSDB Script (After Launch)----------------
targets -set -nocase -filter {name =~ "ARM*#0" && jtag_cable_name =~ "Digilent Zed 210248780447"} -index 0
con
----------------End of Script----------------

19:36:29 INFO  : Launch script is exported to file '/home/bernardo/vivado/Frequency_out/Frequency_out.sdk/.sdk/launch_scripts/xilinx_c-c++_application_(system_debugger)/system_debugger_using_debug_top.elf_on_local.tcl'
19:41:46 INFO  : SDK has detected change in the last modified timestamps for source hardware specification file Source:1729618904000,  Project:1729618379000
19:41:46 INFO  : Project TOP_hw_platform_0's source hardware specification located at /home/bernardo/vivado/Frequency_out/Frequency_out.sdk/TOP.hdf is now different from the local copy.
		 The local copy will be replaced with the source specification and your workspace will be updated.
19:41:47 INFO  : Copied contents of /home/bernardo/vivado/Frequency_out/Frequency_out.sdk/TOP.hdf into /TOP_hw_platform_0/system.hdf.
19:41:49 INFO  : Synchronizing projects in the workspace with the hardware platform specification changes.
19:41:50 INFO  : 
19:41:50 INFO  : Updating hardware inferred compiler options for top.
19:41:50 INFO  : Clearing existing target manager status.
19:41:50 INFO  : Closing and re-opening the MSS file of ther project top_bsp
19:41:50 INFO  : Workspace synchronized with the new hardware specification file. Cleaning dependent projects...
19:41:51 WARN  : Linker script will not be updated automatically. Users need to update it manually.
19:42:00 INFO  : Disconnected from the channel tcfchan#2.
19:42:01 INFO  : Connected to target on host '127.0.0.1' and port '3121'.
19:42:01 INFO  : Jtag cable 'Digilent Zed 210248780447' is selected.
19:42:01 INFO  : 'jtag frequency' command is executed.
19:42:01 INFO  : Sourcing of '/home/bernardo/vivado/Frequency_out/Frequency_out.sdk/TOP_hw_platform_0/ps7_init.tcl' is done.
19:42:01 INFO  : Context for 'APU' is selected.
19:42:01 INFO  : System reset is completed.
19:42:04 INFO  : 'after 3000' command is executed.
19:42:04 INFO  : 'targets -set -filter {jtag_cable_name =~ "Digilent Zed 210248780447" && level==0} -index 1' command is executed.
19:42:04 ERROR : couldn't open "/home/bernardo/vivado/Frequency_out/Frequency_out.sdk/TOP_hw_platform_0/TOP.bit": no such file or directory
19:42:04 ERROR : Exception occured while running Program FPGA.
java.lang.RuntimeException: couldn't open "/home/bernardo/vivado/Frequency_out/Frequency_out.sdk/TOP_hw_platform_0/TOP.bit": no such file or directory
19:42:04 INFO  : ----------------XSDB Script----------------
connect -url tcp:127.0.0.1:3121
source /home/bernardo/vivado/Frequency_out/Frequency_out.sdk/TOP_hw_platform_0/ps7_init.tcl
targets -set -nocase -filter {name =~"APU*" && jtag_cable_name =~ "Digilent Zed 210248780447"} -index 0
rst -system
after 3000
----------------End of Script----------------

19:42:07 INFO  : Connected to target on host '127.0.0.1' and port '3121'.
19:42:07 INFO  : Jtag cable 'Digilent Zed 210248780447' is selected.
19:42:07 INFO  : 'jtag frequency' command is executed.
19:42:07 INFO  : Sourcing of '/home/bernardo/vivado/Frequency_out/Frequency_out.sdk/TOP_hw_platform_0/ps7_init.tcl' is done.
19:42:07 INFO  : Context for 'APU' is selected.
19:42:08 INFO  : System reset is completed.
19:42:11 INFO  : 'after 3000' command is executed.
19:42:11 INFO  : 'targets -set -filter {jtag_cable_name =~ "Digilent Zed 210248780447" && level==0} -index 1' command is executed.
19:42:11 ERROR : couldn't open "/home/bernardo/vivado/Frequency_out/Frequency_out.sdk/TOP_hw_platform_0/TOP.bit": no such file or directory
19:42:11 ERROR : Exception occured while running Program FPGA.
java.lang.RuntimeException: couldn't open "/home/bernardo/vivado/Frequency_out/Frequency_out.sdk/TOP_hw_platform_0/TOP.bit": no such file or directory
19:42:11 INFO  : ----------------XSDB Script----------------
connect -url tcp:127.0.0.1:3121
source /home/bernardo/vivado/Frequency_out/Frequency_out.sdk/TOP_hw_platform_0/ps7_init.tcl
targets -set -nocase -filter {name =~"APU*" && jtag_cable_name =~ "Digilent Zed 210248780447"} -index 0
rst -system
after 3000
----------------End of Script----------------

19:42:15 INFO  : Connected to target on host '127.0.0.1' and port '3121'.
19:42:15 INFO  : Jtag cable 'Digilent Zed 210248780447' is selected.
19:42:15 INFO  : 'jtag frequency' command is executed.
19:42:15 INFO  : Sourcing of '/home/bernardo/vivado/Frequency_out/Frequency_out.sdk/TOP_hw_platform_0/ps7_init.tcl' is done.
19:42:15 INFO  : Context for 'APU' is selected.
19:42:15 INFO  : System reset is completed.
19:42:18 INFO  : 'after 3000' command is executed.
19:42:18 INFO  : 'targets -set -filter {jtag_cable_name =~ "Digilent Zed 210248780447" && level==0} -index 1' command is executed.
19:42:18 ERROR : couldn't open "/home/bernardo/vivado/Frequency_out/Frequency_out.sdk/TOP_hw_platform_0/TOP.bit": no such file or directory
19:42:18 ERROR : Exception occured while running Program FPGA.
java.lang.RuntimeException: couldn't open "/home/bernardo/vivado/Frequency_out/Frequency_out.sdk/TOP_hw_platform_0/TOP.bit": no such file or directory
19:42:18 INFO  : ----------------XSDB Script----------------
connect -url tcp:127.0.0.1:3121
source /home/bernardo/vivado/Frequency_out/Frequency_out.sdk/TOP_hw_platform_0/ps7_init.tcl
targets -set -nocase -filter {name =~"APU*" && jtag_cable_name =~ "Digilent Zed 210248780447"} -index 0
rst -system
after 3000
----------------End of Script----------------

19:42:55 INFO  : Launching XSCT server: xsct -n -interactive /home/bernardo/vivado/Frequency_out/Frequency_out.sdk/temp_xsdb_launch_script.tcl
19:42:56 INFO  : XSCT server has started successfully.
19:42:56 INFO  : Successfully done setting XSCT server connection channel  
19:42:56 INFO  : Successfully done setting SDK workspace  
19:42:58 INFO  : Registering command handlers for SDK TCF services
19:42:58 INFO  : Processing command line option -hwspec /home/bernardo/vivado/Frequency_out/Frequency_out.sdk/TOP.hdf.
19:42:58 INFO  : Checking for hwspec changes in the project TOP_hw_platform_0.
19:42:58 INFO  : SDK has detected change in the last modified timestamps for source hardware specification file Source:1729618877000,  Project:1729618904000
19:42:58 INFO  : The hardware specification for project 'TOP_hw_platform_0' is different from /home/bernardo/vivado/Frequency_out/Frequency_out.sdk/TOP.hdf.
19:42:58 INFO  : Copied contents of /home/bernardo/vivado/Frequency_out/Frequency_out.sdk/TOP.hdf into /TOP_hw_platform_0/system.hdf.
19:43:00 INFO  : Synchronizing projects in the workspace with the hardware platform specification changes.
19:43:01 INFO  : 
19:43:02 INFO  : Updating hardware inferred compiler options for top.
19:43:02 INFO  : Clearing existing target manager status.
19:43:02 INFO  : Closing and re-opening the MSS file of ther project top_bsp
19:43:02 INFO  : Workspace synchronized with the new hardware specification file. Cleaning dependent projects...
19:43:02 WARN  : Linker script will not be updated automatically. Users need to update it manually.
19:43:09 INFO  : Connected to target on host '127.0.0.1' and port '3121'.
19:43:10 INFO  : Jtag cable 'Digilent Zed 210248780447' is selected.
19:43:10 INFO  : 'jtag frequency' command is executed.
19:43:10 INFO  : Sourcing of '/home/bernardo/vivado/Frequency_out/Frequency_out.sdk/TOP_hw_platform_0/ps7_init.tcl' is done.
19:43:10 INFO  : Context for 'APU' is selected.
19:43:10 INFO  : System reset is completed.
19:43:13 INFO  : 'after 3000' command is executed.
19:43:13 INFO  : 'targets -set -filter {jtag_cable_name =~ "Digilent Zed 210248780447" && level==0} -index 1' command is executed.
19:43:16 INFO  : FPGA configured successfully with bitstream "/home/bernardo/vivado/Frequency_out/Frequency_out.sdk/TOP_hw_platform_0/TOP.bit"
19:43:16 INFO  : Context for 'APU' is selected.
19:43:16 INFO  : Hardware design information is loaded from '/home/bernardo/vivado/Frequency_out/Frequency_out.sdk/TOP_hw_platform_0/system.hdf'.
19:43:16 INFO  : 'configparams force-mem-access 1' command is executed.
19:43:16 INFO  : Context for 'APU' is selected.
19:43:16 INFO  : 'ps7_init' command is executed.
19:43:16 INFO  : 'ps7_post_config' command is executed.
19:43:16 INFO  : Context for processor 'ps7_cortexa9_0' is selected.
19:43:16 INFO  : The application '/home/bernardo/vivado/Frequency_out/Frequency_out.sdk/top/Debug/top.elf' is downloaded to processor 'ps7_cortexa9_0'.
19:43:16 INFO  : 'configparams force-mem-access 0' command is executed.
19:43:16 INFO  : ----------------XSDB Script----------------
connect -url tcp:127.0.0.1:3121
source /home/bernardo/vivado/Frequency_out/Frequency_out.sdk/TOP_hw_platform_0/ps7_init.tcl
targets -set -nocase -filter {name =~"APU*" && jtag_cable_name =~ "Digilent Zed 210248780447"} -index 0
rst -system
after 3000
targets -set -filter {jtag_cable_name =~ "Digilent Zed 210248780447" && level==0} -index 1
fpga -file /home/bernardo/vivado/Frequency_out/Frequency_out.sdk/TOP_hw_platform_0/TOP.bit
targets -set -nocase -filter {name =~"APU*" && jtag_cable_name =~ "Digilent Zed 210248780447"} -index 0
loadhw -hw /home/bernardo/vivado/Frequency_out/Frequency_out.sdk/TOP_hw_platform_0/system.hdf -mem-ranges [list {0x40000000 0xbfffffff}]
configparams force-mem-access 1
targets -set -nocase -filter {name =~"APU*" && jtag_cable_name =~ "Digilent Zed 210248780447"} -index 0
ps7_init
ps7_post_config
targets -set -nocase -filter {name =~ "ARM*#0" && jtag_cable_name =~ "Digilent Zed 210248780447"} -index 0
dow /home/bernardo/vivado/Frequency_out/Frequency_out.sdk/top/Debug/top.elf
configparams force-mem-access 0
----------------End of Script----------------

19:43:16 INFO  : Memory regions updated for context APU
19:43:16 INFO  : Context for processor 'ps7_cortexa9_0' is selected.
19:43:16 INFO  : 'con' command is executed.
19:43:16 INFO  : ----------------XSDB Script (After Launch)----------------
targets -set -nocase -filter {name =~ "ARM*#0" && jtag_cable_name =~ "Digilent Zed 210248780447"} -index 0
con
----------------End of Script----------------

19:43:16 INFO  : Launch script is exported to file '/home/bernardo/vivado/Frequency_out/Frequency_out.sdk/.sdk/launch_scripts/xilinx_c-c++_application_(system_debugger)/system_debugger_using_debug_top.elf_on_local.tcl'
19:43:22 INFO  : Connected to target on host '127.0.0.1' and port '3121'.
19:43:32 INFO  : Disconnected from the channel tcfchan#1.
19:43:33 INFO  : Connected to target on host '127.0.0.1' and port '3121'.
19:43:34 INFO  : Jtag cable 'Digilent Zed 210248780447' is selected.
19:43:34 INFO  : 'jtag frequency' command is executed.
19:43:34 INFO  : Sourcing of '/home/bernardo/vivado/Frequency_out/Frequency_out.sdk/TOP_hw_platform_0/ps7_init.tcl' is done.
19:43:34 INFO  : Context for 'APU' is selected.
19:43:34 INFO  : System reset is completed.
19:43:37 INFO  : 'after 3000' command is executed.
19:43:37 INFO  : 'targets -set -filter {jtag_cable_name =~ "Digilent Zed 210248780447" && level==0} -index 1' command is executed.
19:43:39 INFO  : FPGA configured successfully with bitstream "/home/bernardo/vivado/Frequency_out/Frequency_out.sdk/TOP_hw_platform_0/TOP.bit"
19:43:39 INFO  : Context for 'APU' is selected.
19:43:40 INFO  : Hardware design information is loaded from '/home/bernardo/vivado/Frequency_out/Frequency_out.sdk/TOP_hw_platform_0/system.hdf'.
19:43:40 INFO  : 'configparams force-mem-access 1' command is executed.
19:43:40 INFO  : Context for 'APU' is selected.
19:43:40 INFO  : 'ps7_init' command is executed.
19:43:40 INFO  : 'ps7_post_config' command is executed.
19:43:40 INFO  : Context for processor 'ps7_cortexa9_0' is selected.
19:43:40 INFO  : The application '/home/bernardo/vivado/Frequency_out/Frequency_out.sdk/top/Debug/top.elf' is downloaded to processor 'ps7_cortexa9_0'.
19:43:40 INFO  : 'configparams force-mem-access 0' command is executed.
19:43:40 INFO  : ----------------XSDB Script----------------
connect -url tcp:127.0.0.1:3121
source /home/bernardo/vivado/Frequency_out/Frequency_out.sdk/TOP_hw_platform_0/ps7_init.tcl
targets -set -nocase -filter {name =~"APU*" && jtag_cable_name =~ "Digilent Zed 210248780447"} -index 0
rst -system
after 3000
targets -set -filter {jtag_cable_name =~ "Digilent Zed 210248780447" && level==0} -index 1
fpga -file /home/bernardo/vivado/Frequency_out/Frequency_out.sdk/TOP_hw_platform_0/TOP.bit
targets -set -nocase -filter {name =~"APU*" && jtag_cable_name =~ "Digilent Zed 210248780447"} -index 0
loadhw -hw /home/bernardo/vivado/Frequency_out/Frequency_out.sdk/TOP_hw_platform_0/system.hdf -mem-ranges [list {0x40000000 0xbfffffff}]
configparams force-mem-access 1
targets -set -nocase -filter {name =~"APU*" && jtag_cable_name =~ "Digilent Zed 210248780447"} -index 0
ps7_init
ps7_post_config
targets -set -nocase -filter {name =~ "ARM*#0" && jtag_cable_name =~ "Digilent Zed 210248780447"} -index 0
dow /home/bernardo/vivado/Frequency_out/Frequency_out.sdk/top/Debug/top.elf
configparams force-mem-access 0
----------------End of Script----------------

19:43:40 INFO  : Memory regions updated for context APU
19:43:40 INFO  : Context for processor 'ps7_cortexa9_0' is selected.
19:43:40 INFO  : 'con' command is executed.
19:43:40 INFO  : ----------------XSDB Script (After Launch)----------------
targets -set -nocase -filter {name =~ "ARM*#0" && jtag_cable_name =~ "Digilent Zed 210248780447"} -index 0
con
----------------End of Script----------------

19:43:40 INFO  : Launch script is exported to file '/home/bernardo/vivado/Frequency_out/Frequency_out.sdk/.sdk/launch_scripts/xilinx_c-c++_application_(system_debugger)/system_debugger_using_debug_top.elf_on_local.tcl'
19:52:05 INFO  : SDK has detected change in the last modified timestamps for source hardware specification file Source:1729619508000,  Project:1729618877000
19:52:05 INFO  : Project TOP_hw_platform_0's source hardware specification located at /home/bernardo/vivado/Frequency_out/Frequency_out.sdk/TOP.hdf is now different from the local copy.
		 The local copy will be replaced with the source specification and your workspace will be updated.
19:52:07 INFO  : Copied contents of /home/bernardo/vivado/Frequency_out/Frequency_out.sdk/TOP.hdf into /TOP_hw_platform_0/system.hdf.
19:52:08 INFO  : Synchronizing projects in the workspace with the hardware platform specification changes.
19:52:09 INFO  : 
19:52:10 INFO  : Updating hardware inferred compiler options for top.
19:52:10 INFO  : Clearing existing target manager status.
19:52:10 INFO  : Closing and re-opening the MSS file of ther project top_bsp
19:52:10 INFO  : Workspace synchronized with the new hardware specification file. Cleaning dependent projects...
19:52:10 WARN  : Linker script will not be updated automatically. Users need to update it manually.
19:52:36 INFO  : Disconnected from the channel tcfchan#2.
19:52:37 INFO  : Connected to target on host '127.0.0.1' and port '3121'.
19:52:37 INFO  : Jtag cable 'Digilent Zed 210248780447' is selected.
19:52:37 INFO  : 'jtag frequency' command is executed.
19:52:37 INFO  : Sourcing of '/home/bernardo/vivado/Frequency_out/Frequency_out.sdk/TOP_hw_platform_0/ps7_init.tcl' is done.
19:52:37 INFO  : Context for 'APU' is selected.
19:52:37 INFO  : System reset is completed.
19:52:40 INFO  : 'after 3000' command is executed.
19:52:40 INFO  : 'targets -set -filter {jtag_cable_name =~ "Digilent Zed 210248780447" && level==0} -index 1' command is executed.
19:52:45 INFO  : FPGA configured successfully with bitstream "/home/bernardo/vivado/Frequency_out/Frequency_out.sdk/TOP_hw_platform_0/TOP.bit"
19:52:45 INFO  : Context for 'APU' is selected.
19:52:45 INFO  : Hardware design information is loaded from '/home/bernardo/vivado/Frequency_out/Frequency_out.sdk/TOP_hw_platform_0/system.hdf'.
19:52:45 INFO  : 'configparams force-mem-access 1' command is executed.
19:52:45 INFO  : Context for 'APU' is selected.
19:52:45 INFO  : 'ps7_init' command is executed.
19:52:45 INFO  : 'ps7_post_config' command is executed.
19:52:45 INFO  : Context for processor 'ps7_cortexa9_0' is selected.
19:52:45 INFO  : The application '/home/bernardo/vivado/Frequency_out/Frequency_out.sdk/top/Debug/top.elf' is downloaded to processor 'ps7_cortexa9_0'.
19:52:45 INFO  : 'configparams force-mem-access 0' command is executed.
19:52:45 INFO  : ----------------XSDB Script----------------
connect -url tcp:127.0.0.1:3121
source /home/bernardo/vivado/Frequency_out/Frequency_out.sdk/TOP_hw_platform_0/ps7_init.tcl
targets -set -nocase -filter {name =~"APU*" && jtag_cable_name =~ "Digilent Zed 210248780447"} -index 0
rst -system
after 3000
targets -set -filter {jtag_cable_name =~ "Digilent Zed 210248780447" && level==0} -index 1
fpga -file /home/bernardo/vivado/Frequency_out/Frequency_out.sdk/TOP_hw_platform_0/TOP.bit
targets -set -nocase -filter {name =~"APU*" && jtag_cable_name =~ "Digilent Zed 210248780447"} -index 0
loadhw -hw /home/bernardo/vivado/Frequency_out/Frequency_out.sdk/TOP_hw_platform_0/system.hdf -mem-ranges [list {0x40000000 0xbfffffff}]
configparams force-mem-access 1
targets -set -nocase -filter {name =~"APU*" && jtag_cable_name =~ "Digilent Zed 210248780447"} -index 0
ps7_init
ps7_post_config
targets -set -nocase -filter {name =~ "ARM*#0" && jtag_cable_name =~ "Digilent Zed 210248780447"} -index 0
dow /home/bernardo/vivado/Frequency_out/Frequency_out.sdk/top/Debug/top.elf
configparams force-mem-access 0
----------------End of Script----------------

19:52:45 INFO  : Memory regions updated for context APU
19:52:45 INFO  : Context for processor 'ps7_cortexa9_0' is selected.
19:52:45 INFO  : 'con' command is executed.
19:52:45 INFO  : ----------------XSDB Script (After Launch)----------------
targets -set -nocase -filter {name =~ "ARM*#0" && jtag_cable_name =~ "Digilent Zed 210248780447"} -index 0
con
----------------End of Script----------------

19:52:45 INFO  : Launch script is exported to file '/home/bernardo/vivado/Frequency_out/Frequency_out.sdk/.sdk/launch_scripts/xilinx_c-c++_application_(system_debugger)/system_debugger_using_debug_top.elf_on_local.tcl'
20:24:27 INFO  : SDK has detected change in the last modified timestamps for source hardware specification file Source:1729621441000,  Project:1729619508000
20:24:27 INFO  : Project TOP_hw_platform_0's source hardware specification located at /home/bernardo/vivado/Frequency_out/Frequency_out.sdk/TOP.hdf is now different from the local copy.
		 The local copy will be replaced with the source specification and your workspace will be updated.
20:24:33 INFO  : Copied contents of /home/bernardo/vivado/Frequency_out/Frequency_out.sdk/TOP.hdf into /TOP_hw_platform_0/system.hdf.
20:24:34 INFO  : Synchronizing projects in the workspace with the hardware platform specification changes.
20:24:35 INFO  : 
20:24:36 INFO  : Updating hardware inferred compiler options for top.
20:24:36 INFO  : Clearing existing target manager status.
20:24:36 INFO  : Closing and re-opening the MSS file of ther project top_bsp
20:24:36 INFO  : Workspace synchronized with the new hardware specification file. Cleaning dependent projects...
20:24:36 WARN  : Linker script will not be updated automatically. Users need to update it manually.
20:24:47 INFO  : Disconnected from the channel tcfchan#3.
20:24:48 INFO  : Connected to target on host '127.0.0.1' and port '3121'.
20:24:48 INFO  : Jtag cable 'Digilent Zed 210248780447' is selected.
20:24:48 INFO  : 'jtag frequency' command is executed.
20:24:48 INFO  : Sourcing of '/home/bernardo/vivado/Frequency_out/Frequency_out.sdk/TOP_hw_platform_0/ps7_init.tcl' is done.
20:24:48 INFO  : Context for 'APU' is selected.
20:24:48 INFO  : System reset is completed.
20:24:51 INFO  : 'after 3000' command is executed.
20:24:51 INFO  : 'targets -set -filter {jtag_cable_name =~ "Digilent Zed 210248780447" && level==0} -index 1' command is executed.
20:24:54 INFO  : FPGA configured successfully with bitstream "/home/bernardo/vivado/Frequency_out/Frequency_out.sdk/TOP_hw_platform_0/TOP.bit"
20:24:54 INFO  : Context for 'APU' is selected.
20:24:54 INFO  : Hardware design information is loaded from '/home/bernardo/vivado/Frequency_out/Frequency_out.sdk/TOP_hw_platform_0/system.hdf'.
20:24:54 INFO  : 'configparams force-mem-access 1' command is executed.
20:24:54 INFO  : Context for 'APU' is selected.
20:24:54 INFO  : 'ps7_init' command is executed.
20:24:54 INFO  : 'ps7_post_config' command is executed.
20:24:54 INFO  : Context for processor 'ps7_cortexa9_0' is selected.
20:24:54 INFO  : The application '/home/bernardo/vivado/Frequency_out/Frequency_out.sdk/top/Debug/top.elf' is downloaded to processor 'ps7_cortexa9_0'.
20:24:54 INFO  : 'configparams force-mem-access 0' command is executed.
20:24:54 INFO  : ----------------XSDB Script----------------
connect -url tcp:127.0.0.1:3121
source /home/bernardo/vivado/Frequency_out/Frequency_out.sdk/TOP_hw_platform_0/ps7_init.tcl
targets -set -nocase -filter {name =~"APU*" && jtag_cable_name =~ "Digilent Zed 210248780447"} -index 0
rst -system
after 3000
targets -set -filter {jtag_cable_name =~ "Digilent Zed 210248780447" && level==0} -index 1
fpga -file /home/bernardo/vivado/Frequency_out/Frequency_out.sdk/TOP_hw_platform_0/TOP.bit
targets -set -nocase -filter {name =~"APU*" && jtag_cable_name =~ "Digilent Zed 210248780447"} -index 0
loadhw -hw /home/bernardo/vivado/Frequency_out/Frequency_out.sdk/TOP_hw_platform_0/system.hdf -mem-ranges [list {0x40000000 0xbfffffff}]
configparams force-mem-access 1
targets -set -nocase -filter {name =~"APU*" && jtag_cable_name =~ "Digilent Zed 210248780447"} -index 0
ps7_init
ps7_post_config
targets -set -nocase -filter {name =~ "ARM*#0" && jtag_cable_name =~ "Digilent Zed 210248780447"} -index 0
dow /home/bernardo/vivado/Frequency_out/Frequency_out.sdk/top/Debug/top.elf
configparams force-mem-access 0
----------------End of Script----------------

20:24:54 INFO  : Memory regions updated for context APU
20:24:54 INFO  : Context for processor 'ps7_cortexa9_0' is selected.
20:24:54 INFO  : 'con' command is executed.
20:24:54 INFO  : ----------------XSDB Script (After Launch)----------------
targets -set -nocase -filter {name =~ "ARM*#0" && jtag_cable_name =~ "Digilent Zed 210248780447"} -index 0
con
----------------End of Script----------------

20:24:54 INFO  : Launch script is exported to file '/home/bernardo/vivado/Frequency_out/Frequency_out.sdk/.sdk/launch_scripts/xilinx_c-c++_application_(system_debugger)/system_debugger_using_debug_top.elf_on_local.tcl'
20:56:23 INFO  : SDK has detected change in the last modified timestamps for source hardware specification file Source:1729623353000,  Project:1729621441000
20:56:23 INFO  : Project TOP_hw_platform_0's source hardware specification located at /home/bernardo/vivado/Frequency_out/Frequency_out.sdk/TOP.hdf is now different from the local copy.
		 The local copy will be replaced with the source specification and your workspace will be updated.
20:56:24 INFO  : Copied contents of /home/bernardo/vivado/Frequency_out/Frequency_out.sdk/TOP.hdf into /TOP_hw_platform_0/system.hdf.
20:56:26 INFO  : Synchronizing projects in the workspace with the hardware platform specification changes.
20:56:27 INFO  : 
20:56:27 INFO  : Updating hardware inferred compiler options for top.
20:56:27 INFO  : Clearing existing target manager status.
20:56:27 INFO  : Closing and re-opening the MSS file of ther project top_bsp
20:56:28 INFO  : Workspace synchronized with the new hardware specification file. Cleaning dependent projects...
20:56:28 WARN  : Linker script will not be updated automatically. Users need to update it manually.
20:56:41 INFO  : Disconnected from the channel tcfchan#4.
20:56:42 INFO  : Connected to target on host '127.0.0.1' and port '3121'.
20:56:42 INFO  : Jtag cable 'Digilent Zed 210248780447' is selected.
20:56:42 INFO  : 'jtag frequency' command is executed.
20:56:42 INFO  : Sourcing of '/home/bernardo/vivado/Frequency_out/Frequency_out.sdk/TOP_hw_platform_0/ps7_init.tcl' is done.
20:56:42 INFO  : Context for 'APU' is selected.
20:56:42 INFO  : System reset is completed.
20:56:45 INFO  : 'after 3000' command is executed.
20:56:45 INFO  : 'targets -set -filter {jtag_cable_name =~ "Digilent Zed 210248780447" && level==0} -index 1' command is executed.
20:56:49 INFO  : FPGA configured successfully with bitstream "/home/bernardo/vivado/Frequency_out/Frequency_out.sdk/TOP_hw_platform_0/TOP.bit"
20:56:49 INFO  : Context for 'APU' is selected.
20:56:49 INFO  : Hardware design information is loaded from '/home/bernardo/vivado/Frequency_out/Frequency_out.sdk/TOP_hw_platform_0/system.hdf'.
20:56:49 INFO  : 'configparams force-mem-access 1' command is executed.
20:56:49 INFO  : Context for 'APU' is selected.
20:56:49 INFO  : 'ps7_init' command is executed.
20:56:49 INFO  : 'ps7_post_config' command is executed.
20:56:49 INFO  : Context for processor 'ps7_cortexa9_0' is selected.
20:56:49 INFO  : The application '/home/bernardo/vivado/Frequency_out/Frequency_out.sdk/top/Debug/top.elf' is downloaded to processor 'ps7_cortexa9_0'.
20:56:49 INFO  : 'configparams force-mem-access 0' command is executed.
20:56:49 INFO  : ----------------XSDB Script----------------
connect -url tcp:127.0.0.1:3121
source /home/bernardo/vivado/Frequency_out/Frequency_out.sdk/TOP_hw_platform_0/ps7_init.tcl
targets -set -nocase -filter {name =~"APU*" && jtag_cable_name =~ "Digilent Zed 210248780447"} -index 0
rst -system
after 3000
targets -set -filter {jtag_cable_name =~ "Digilent Zed 210248780447" && level==0} -index 1
fpga -file /home/bernardo/vivado/Frequency_out/Frequency_out.sdk/TOP_hw_platform_0/TOP.bit
targets -set -nocase -filter {name =~"APU*" && jtag_cable_name =~ "Digilent Zed 210248780447"} -index 0
loadhw -hw /home/bernardo/vivado/Frequency_out/Frequency_out.sdk/TOP_hw_platform_0/system.hdf -mem-ranges [list {0x40000000 0xbfffffff}]
configparams force-mem-access 1
targets -set -nocase -filter {name =~"APU*" && jtag_cable_name =~ "Digilent Zed 210248780447"} -index 0
ps7_init
ps7_post_config
targets -set -nocase -filter {name =~ "ARM*#0" && jtag_cable_name =~ "Digilent Zed 210248780447"} -index 0
dow /home/bernardo/vivado/Frequency_out/Frequency_out.sdk/top/Debug/top.elf
configparams force-mem-access 0
----------------End of Script----------------

20:56:49 INFO  : Memory regions updated for context APU
20:56:49 INFO  : Context for processor 'ps7_cortexa9_0' is selected.
20:56:49 INFO  : 'con' command is executed.
20:56:49 INFO  : ----------------XSDB Script (After Launch)----------------
targets -set -nocase -filter {name =~ "ARM*#0" && jtag_cable_name =~ "Digilent Zed 210248780447"} -index 0
con
----------------End of Script----------------

20:56:49 INFO  : Launch script is exported to file '/home/bernardo/vivado/Frequency_out/Frequency_out.sdk/.sdk/launch_scripts/xilinx_c-c++_application_(system_debugger)/system_debugger_using_debug_top.elf_on_local.tcl'
21:01:52 INFO  : SDK has detected change in the last modified timestamps for source hardware specification file Source:1729623700000,  Project:1729623353000
21:01:52 INFO  : Project TOP_hw_platform_0's source hardware specification located at /home/bernardo/vivado/Frequency_out/Frequency_out.sdk/TOP.hdf is now different from the local copy.
		 The local copy will be replaced with the source specification and your workspace will be updated.
21:02:26 INFO  : Copied contents of /home/bernardo/vivado/Frequency_out/Frequency_out.sdk/TOP.hdf into /TOP_hw_platform_0/system.hdf.
21:02:27 INFO  : Synchronizing projects in the workspace with the hardware platform specification changes.
21:02:28 INFO  : 
21:02:29 INFO  : Updating hardware inferred compiler options for top.
21:02:29 INFO  : Clearing existing target manager status.
21:02:29 INFO  : Closing and re-opening the MSS file of ther project top_bsp
21:02:29 INFO  : Workspace synchronized with the new hardware specification file. Cleaning dependent projects...
21:02:30 WARN  : Linker script will not be updated automatically. Users need to update it manually.
21:03:12 INFO  : Disconnected from the channel tcfchan#5.
21:03:13 INFO  : Connected to target on host '127.0.0.1' and port '3121'.
21:03:13 INFO  : Jtag cable 'Digilent Zed 210248780447' is selected.
21:03:13 INFO  : 'jtag frequency' command is executed.
21:03:13 INFO  : Sourcing of '/home/bernardo/vivado/Frequency_out/Frequency_out.sdk/TOP_hw_platform_0/ps7_init.tcl' is done.
21:03:13 INFO  : Context for 'APU' is selected.
21:03:13 INFO  : System reset is completed.
21:03:16 INFO  : 'after 3000' command is executed.
21:03:16 INFO  : 'targets -set -filter {jtag_cable_name =~ "Digilent Zed 210248780447" && level==0} -index 1' command is executed.
21:03:20 INFO  : FPGA configured successfully with bitstream "/home/bernardo/vivado/Frequency_out/Frequency_out.sdk/TOP_hw_platform_0/TOP.bit"
21:03:20 INFO  : Context for 'APU' is selected.
21:03:20 INFO  : Hardware design information is loaded from '/home/bernardo/vivado/Frequency_out/Frequency_out.sdk/TOP_hw_platform_0/system.hdf'.
21:03:20 INFO  : 'configparams force-mem-access 1' command is executed.
21:03:20 INFO  : Context for 'APU' is selected.
21:03:21 INFO  : 'ps7_init' command is executed.
21:03:21 INFO  : 'ps7_post_config' command is executed.
21:03:21 INFO  : Context for processor 'ps7_cortexa9_0' is selected.
21:03:21 INFO  : The application '/home/bernardo/vivado/Frequency_out/Frequency_out.sdk/top/Debug/top.elf' is downloaded to processor 'ps7_cortexa9_0'.
21:03:21 INFO  : 'configparams force-mem-access 0' command is executed.
21:03:21 INFO  : ----------------XSDB Script----------------
connect -url tcp:127.0.0.1:3121
source /home/bernardo/vivado/Frequency_out/Frequency_out.sdk/TOP_hw_platform_0/ps7_init.tcl
targets -set -nocase -filter {name =~"APU*" && jtag_cable_name =~ "Digilent Zed 210248780447"} -index 0
rst -system
after 3000
targets -set -filter {jtag_cable_name =~ "Digilent Zed 210248780447" && level==0} -index 1
fpga -file /home/bernardo/vivado/Frequency_out/Frequency_out.sdk/TOP_hw_platform_0/TOP.bit
targets -set -nocase -filter {name =~"APU*" && jtag_cable_name =~ "Digilent Zed 210248780447"} -index 0
loadhw -hw /home/bernardo/vivado/Frequency_out/Frequency_out.sdk/TOP_hw_platform_0/system.hdf -mem-ranges [list {0x40000000 0xbfffffff}]
configparams force-mem-access 1
targets -set -nocase -filter {name =~"APU*" && jtag_cable_name =~ "Digilent Zed 210248780447"} -index 0
ps7_init
ps7_post_config
targets -set -nocase -filter {name =~ "ARM*#0" && jtag_cable_name =~ "Digilent Zed 210248780447"} -index 0
dow /home/bernardo/vivado/Frequency_out/Frequency_out.sdk/top/Debug/top.elf
configparams force-mem-access 0
----------------End of Script----------------

21:03:21 INFO  : Memory regions updated for context APU
21:03:21 INFO  : Context for processor 'ps7_cortexa9_0' is selected.
21:03:21 INFO  : 'con' command is executed.
21:03:21 INFO  : ----------------XSDB Script (After Launch)----------------
targets -set -nocase -filter {name =~ "ARM*#0" && jtag_cable_name =~ "Digilent Zed 210248780447"} -index 0
con
----------------End of Script----------------

21:03:21 INFO  : Launch script is exported to file '/home/bernardo/vivado/Frequency_out/Frequency_out.sdk/.sdk/launch_scripts/xilinx_c-c++_application_(system_debugger)/system_debugger_using_debug_top.elf_on_local.tcl'
21:08:32 INFO  : SDK has detected change in the last modified timestamps for source hardware specification file Source:1729624096000,  Project:1729623700000
21:08:32 INFO  : Project TOP_hw_platform_0's source hardware specification located at /home/bernardo/vivado/Frequency_out/Frequency_out.sdk/TOP.hdf is now different from the local copy.
		 The local copy will be replaced with the source specification and your workspace will be updated.
21:08:33 INFO  : Copied contents of /home/bernardo/vivado/Frequency_out/Frequency_out.sdk/TOP.hdf into /TOP_hw_platform_0/system.hdf.
21:08:34 INFO  : Synchronizing projects in the workspace with the hardware platform specification changes.
21:08:35 INFO  : 
21:08:36 INFO  : Updating hardware inferred compiler options for top.
21:08:36 INFO  : Clearing existing target manager status.
21:08:36 INFO  : Closing and re-opening the MSS file of ther project top_bsp
21:08:36 INFO  : Workspace synchronized with the new hardware specification file. Cleaning dependent projects...
21:08:36 WARN  : Linker script will not be updated automatically. Users need to update it manually.
21:08:45 INFO  : Disconnected from the channel tcfchan#6.
21:08:46 INFO  : Connected to target on host '127.0.0.1' and port '3121'.
21:08:46 INFO  : Jtag cable 'Digilent Zed 210248780447' is selected.
21:08:46 INFO  : 'jtag frequency' command is executed.
21:08:46 INFO  : Sourcing of '/home/bernardo/vivado/Frequency_out/Frequency_out.sdk/TOP_hw_platform_0/ps7_init.tcl' is done.
21:08:46 INFO  : Context for 'APU' is selected.
21:08:46 INFO  : System reset is completed.
21:08:49 INFO  : 'after 3000' command is executed.
21:08:49 INFO  : 'targets -set -filter {jtag_cable_name =~ "Digilent Zed 210248780447" && level==0} -index 1' command is executed.
21:08:54 INFO  : FPGA configured successfully with bitstream "/home/bernardo/vivado/Frequency_out/Frequency_out.sdk/TOP_hw_platform_0/TOP.bit"
21:08:54 INFO  : Context for 'APU' is selected.
21:08:54 INFO  : Hardware design information is loaded from '/home/bernardo/vivado/Frequency_out/Frequency_out.sdk/TOP_hw_platform_0/system.hdf'.
21:08:54 INFO  : 'configparams force-mem-access 1' command is executed.
21:08:54 INFO  : Context for 'APU' is selected.
21:08:54 INFO  : 'ps7_init' command is executed.
21:08:54 INFO  : 'ps7_post_config' command is executed.
21:08:54 INFO  : Context for processor 'ps7_cortexa9_0' is selected.
21:08:54 INFO  : The application '/home/bernardo/vivado/Frequency_out/Frequency_out.sdk/top/Debug/top.elf' is downloaded to processor 'ps7_cortexa9_0'.
21:08:54 INFO  : 'configparams force-mem-access 0' command is executed.
21:08:54 INFO  : ----------------XSDB Script----------------
connect -url tcp:127.0.0.1:3121
source /home/bernardo/vivado/Frequency_out/Frequency_out.sdk/TOP_hw_platform_0/ps7_init.tcl
targets -set -nocase -filter {name =~"APU*" && jtag_cable_name =~ "Digilent Zed 210248780447"} -index 0
rst -system
after 3000
targets -set -filter {jtag_cable_name =~ "Digilent Zed 210248780447" && level==0} -index 1
fpga -file /home/bernardo/vivado/Frequency_out/Frequency_out.sdk/TOP_hw_platform_0/TOP.bit
targets -set -nocase -filter {name =~"APU*" && jtag_cable_name =~ "Digilent Zed 210248780447"} -index 0
loadhw -hw /home/bernardo/vivado/Frequency_out/Frequency_out.sdk/TOP_hw_platform_0/system.hdf -mem-ranges [list {0x40000000 0xbfffffff}]
configparams force-mem-access 1
targets -set -nocase -filter {name =~"APU*" && jtag_cable_name =~ "Digilent Zed 210248780447"} -index 0
ps7_init
ps7_post_config
targets -set -nocase -filter {name =~ "ARM*#0" && jtag_cable_name =~ "Digilent Zed 210248780447"} -index 0
dow /home/bernardo/vivado/Frequency_out/Frequency_out.sdk/top/Debug/top.elf
configparams force-mem-access 0
----------------End of Script----------------

21:08:54 INFO  : Memory regions updated for context APU
21:08:54 INFO  : Context for processor 'ps7_cortexa9_0' is selected.
21:08:54 INFO  : 'con' command is executed.
21:08:54 INFO  : ----------------XSDB Script (After Launch)----------------
targets -set -nocase -filter {name =~ "ARM*#0" && jtag_cable_name =~ "Digilent Zed 210248780447"} -index 0
con
----------------End of Script----------------

21:08:54 INFO  : Launch script is exported to file '/home/bernardo/vivado/Frequency_out/Frequency_out.sdk/.sdk/launch_scripts/xilinx_c-c++_application_(system_debugger)/system_debugger_using_debug_top.elf_on_local.tcl'
21:13:10 INFO  : SDK has detected change in the last modified timestamps for source hardware specification file Source:1729624377000,  Project:1729624096000
21:13:10 INFO  : Project TOP_hw_platform_0's source hardware specification located at /home/bernardo/vivado/Frequency_out/Frequency_out.sdk/TOP.hdf is now different from the local copy.
		 The local copy will be replaced with the source specification and your workspace will be updated.
21:13:11 INFO  : Copied contents of /home/bernardo/vivado/Frequency_out/Frequency_out.sdk/TOP.hdf into /TOP_hw_platform_0/system.hdf.
21:13:12 INFO  : Synchronizing projects in the workspace with the hardware platform specification changes.
21:13:13 INFO  : 
21:13:14 INFO  : Updating hardware inferred compiler options for top.
21:13:14 INFO  : Clearing existing target manager status.
21:13:14 INFO  : Closing and re-opening the MSS file of ther project top_bsp
21:13:14 INFO  : Workspace synchronized with the new hardware specification file. Cleaning dependent projects...
21:13:14 WARN  : Linker script will not be updated automatically. Users need to update it manually.
21:16:23 INFO  : Disconnected from the channel tcfchan#7.
21:16:24 INFO  : Connected to target on host '127.0.0.1' and port '3121'.
21:16:24 INFO  : Jtag cable 'Digilent Zed 210248780447' is selected.
21:16:24 INFO  : 'jtag frequency' command is executed.
21:16:24 INFO  : Sourcing of '/home/bernardo/vivado/Frequency_out/Frequency_out.sdk/TOP_hw_platform_0/ps7_init.tcl' is done.
21:16:24 INFO  : Context for 'APU' is selected.
21:16:24 INFO  : System reset is completed.
21:16:27 INFO  : 'after 3000' command is executed.
21:16:27 INFO  : 'targets -set -filter {jtag_cable_name =~ "Digilent Zed 210248780447" && level==0} -index 1' command is executed.
21:16:32 INFO  : FPGA configured successfully with bitstream "/home/bernardo/vivado/Frequency_out/Frequency_out.sdk/TOP_hw_platform_0/TOP.bit"
21:16:32 INFO  : Context for 'APU' is selected.
21:16:32 INFO  : Hardware design information is loaded from '/home/bernardo/vivado/Frequency_out/Frequency_out.sdk/TOP_hw_platform_0/system.hdf'.
21:16:32 INFO  : 'configparams force-mem-access 1' command is executed.
21:16:32 INFO  : Context for 'APU' is selected.
21:16:32 INFO  : 'ps7_init' command is executed.
21:16:32 INFO  : 'ps7_post_config' command is executed.
21:16:32 INFO  : Context for processor 'ps7_cortexa9_0' is selected.
21:16:32 INFO  : The application '/home/bernardo/vivado/Frequency_out/Frequency_out.sdk/top/Debug/top.elf' is downloaded to processor 'ps7_cortexa9_0'.
21:16:32 INFO  : 'configparams force-mem-access 0' command is executed.
21:16:32 INFO  : ----------------XSDB Script----------------
connect -url tcp:127.0.0.1:3121
source /home/bernardo/vivado/Frequency_out/Frequency_out.sdk/TOP_hw_platform_0/ps7_init.tcl
targets -set -nocase -filter {name =~"APU*" && jtag_cable_name =~ "Digilent Zed 210248780447"} -index 0
rst -system
after 3000
targets -set -filter {jtag_cable_name =~ "Digilent Zed 210248780447" && level==0} -index 1
fpga -file /home/bernardo/vivado/Frequency_out/Frequency_out.sdk/TOP_hw_platform_0/TOP.bit
targets -set -nocase -filter {name =~"APU*" && jtag_cable_name =~ "Digilent Zed 210248780447"} -index 0
loadhw -hw /home/bernardo/vivado/Frequency_out/Frequency_out.sdk/TOP_hw_platform_0/system.hdf -mem-ranges [list {0x40000000 0xbfffffff}]
configparams force-mem-access 1
targets -set -nocase -filter {name =~"APU*" && jtag_cable_name =~ "Digilent Zed 210248780447"} -index 0
ps7_init
ps7_post_config
targets -set -nocase -filter {name =~ "ARM*#0" && jtag_cable_name =~ "Digilent Zed 210248780447"} -index 0
dow /home/bernardo/vivado/Frequency_out/Frequency_out.sdk/top/Debug/top.elf
configparams force-mem-access 0
----------------End of Script----------------

21:16:32 INFO  : Memory regions updated for context APU
21:16:32 INFO  : Context for processor 'ps7_cortexa9_0' is selected.
21:16:32 INFO  : 'con' command is executed.
21:16:32 INFO  : ----------------XSDB Script (After Launch)----------------
targets -set -nocase -filter {name =~ "ARM*#0" && jtag_cable_name =~ "Digilent Zed 210248780447"} -index 0
con
----------------End of Script----------------

21:16:32 INFO  : Launch script is exported to file '/home/bernardo/vivado/Frequency_out/Frequency_out.sdk/.sdk/launch_scripts/xilinx_c-c++_application_(system_debugger)/system_debugger_using_debug_top.elf_on_local.tcl'
21:20:35 INFO  : SDK has detected change in the last modified timestamps for source hardware specification file Source:1729624824000,  Project:1729624377000
21:20:35 INFO  : Project TOP_hw_platform_0's source hardware specification located at /home/bernardo/vivado/Frequency_out/Frequency_out.sdk/TOP.hdf is now different from the local copy.
		 The local copy will be replaced with the source specification and your workspace will be updated.
21:20:37 INFO  : Copied contents of /home/bernardo/vivado/Frequency_out/Frequency_out.sdk/TOP.hdf into /TOP_hw_platform_0/system.hdf.
21:20:39 INFO  : Synchronizing projects in the workspace with the hardware platform specification changes.
21:20:40 INFO  : 
21:20:40 INFO  : Updating hardware inferred compiler options for top.
21:20:40 INFO  : Clearing existing target manager status.
21:20:40 INFO  : Closing and re-opening the MSS file of ther project top_bsp
21:20:40 INFO  : Workspace synchronized with the new hardware specification file. Cleaning dependent projects...
21:20:41 WARN  : Linker script will not be updated automatically. Users need to update it manually.
21:20:47 INFO  : Disconnected from the channel tcfchan#8.
21:20:48 INFO  : Connected to target on host '127.0.0.1' and port '3121'.
21:20:49 INFO  : Jtag cable 'Digilent Zed 210248780447' is selected.
21:20:49 INFO  : 'jtag frequency' command is executed.
21:20:49 INFO  : Sourcing of '/home/bernardo/vivado/Frequency_out/Frequency_out.sdk/TOP_hw_platform_0/ps7_init.tcl' is done.
21:20:49 INFO  : Context for 'APU' is selected.
21:20:49 INFO  : System reset is completed.
21:20:52 INFO  : 'after 3000' command is executed.
21:20:52 INFO  : 'targets -set -filter {jtag_cable_name =~ "Digilent Zed 210248780447" && level==0} -index 1' command is executed.
21:20:56 INFO  : FPGA configured successfully with bitstream "/home/bernardo/vivado/Frequency_out/Frequency_out.sdk/TOP_hw_platform_0/TOP.bit"
21:20:56 INFO  : Context for 'APU' is selected.
21:20:56 INFO  : Hardware design information is loaded from '/home/bernardo/vivado/Frequency_out/Frequency_out.sdk/TOP_hw_platform_0/system.hdf'.
21:20:56 INFO  : 'configparams force-mem-access 1' command is executed.
21:20:56 INFO  : Context for 'APU' is selected.
21:20:56 INFO  : 'ps7_init' command is executed.
21:20:56 INFO  : 'ps7_post_config' command is executed.
21:20:56 INFO  : Context for processor 'ps7_cortexa9_0' is selected.
21:20:56 INFO  : The application '/home/bernardo/vivado/Frequency_out/Frequency_out.sdk/top/Debug/top.elf' is downloaded to processor 'ps7_cortexa9_0'.
21:20:56 INFO  : 'configparams force-mem-access 0' command is executed.
21:20:56 INFO  : ----------------XSDB Script----------------
connect -url tcp:127.0.0.1:3121
source /home/bernardo/vivado/Frequency_out/Frequency_out.sdk/TOP_hw_platform_0/ps7_init.tcl
targets -set -nocase -filter {name =~"APU*" && jtag_cable_name =~ "Digilent Zed 210248780447"} -index 0
rst -system
after 3000
targets -set -filter {jtag_cable_name =~ "Digilent Zed 210248780447" && level==0} -index 1
fpga -file /home/bernardo/vivado/Frequency_out/Frequency_out.sdk/TOP_hw_platform_0/TOP.bit
targets -set -nocase -filter {name =~"APU*" && jtag_cable_name =~ "Digilent Zed 210248780447"} -index 0
loadhw -hw /home/bernardo/vivado/Frequency_out/Frequency_out.sdk/TOP_hw_platform_0/system.hdf -mem-ranges [list {0x40000000 0xbfffffff}]
configparams force-mem-access 1
targets -set -nocase -filter {name =~"APU*" && jtag_cable_name =~ "Digilent Zed 210248780447"} -index 0
ps7_init
ps7_post_config
targets -set -nocase -filter {name =~ "ARM*#0" && jtag_cable_name =~ "Digilent Zed 210248780447"} -index 0
dow /home/bernardo/vivado/Frequency_out/Frequency_out.sdk/top/Debug/top.elf
configparams force-mem-access 0
----------------End of Script----------------

21:20:56 INFO  : Memory regions updated for context APU
21:20:56 INFO  : Context for processor 'ps7_cortexa9_0' is selected.
21:20:56 INFO  : 'con' command is executed.
21:20:56 INFO  : ----------------XSDB Script (After Launch)----------------
targets -set -nocase -filter {name =~ "ARM*#0" && jtag_cable_name =~ "Digilent Zed 210248780447"} -index 0
con
----------------End of Script----------------

21:20:56 INFO  : Launch script is exported to file '/home/bernardo/vivado/Frequency_out/Frequency_out.sdk/.sdk/launch_scripts/xilinx_c-c++_application_(system_debugger)/system_debugger_using_debug_top.elf_on_local.tcl'
21:25:21 INFO  : SDK has detected change in the last modified timestamps for source hardware specification file Source:1729625107000,  Project:1729624824000
21:25:21 INFO  : Project TOP_hw_platform_0's source hardware specification located at /home/bernardo/vivado/Frequency_out/Frequency_out.sdk/TOP.hdf is now different from the local copy.
		 The local copy will be replaced with the source specification and your workspace will be updated.
21:25:22 INFO  : Copied contents of /home/bernardo/vivado/Frequency_out/Frequency_out.sdk/TOP.hdf into /TOP_hw_platform_0/system.hdf.
21:25:24 INFO  : Synchronizing projects in the workspace with the hardware platform specification changes.
21:25:24 INFO  : 
21:25:25 INFO  : Updating hardware inferred compiler options for top.
21:25:25 INFO  : Clearing existing target manager status.
21:25:25 INFO  : Closing and re-opening the MSS file of ther project top_bsp
21:25:25 INFO  : Workspace synchronized with the new hardware specification file. Cleaning dependent projects...
21:25:26 WARN  : Linker script will not be updated automatically. Users need to update it manually.
21:25:32 INFO  : Disconnected from the channel tcfchan#9.
21:25:33 INFO  : Connected to target on host '127.0.0.1' and port '3121'.
21:25:33 INFO  : Jtag cable 'Digilent Zed 210248780447' is selected.
21:25:33 INFO  : 'jtag frequency' command is executed.
21:25:33 INFO  : Sourcing of '/home/bernardo/vivado/Frequency_out/Frequency_out.sdk/TOP_hw_platform_0/ps7_init.tcl' is done.
21:25:33 INFO  : Context for 'APU' is selected.
21:25:33 INFO  : System reset is completed.
21:25:36 INFO  : 'after 3000' command is executed.
21:25:36 INFO  : 'targets -set -filter {jtag_cable_name =~ "Digilent Zed 210248780447" && level==0} -index 1' command is executed.
21:25:41 INFO  : FPGA configured successfully with bitstream "/home/bernardo/vivado/Frequency_out/Frequency_out.sdk/TOP_hw_platform_0/TOP.bit"
21:25:41 INFO  : Context for 'APU' is selected.
21:25:41 INFO  : Hardware design information is loaded from '/home/bernardo/vivado/Frequency_out/Frequency_out.sdk/TOP_hw_platform_0/system.hdf'.
21:25:41 INFO  : 'configparams force-mem-access 1' command is executed.
21:25:41 INFO  : Context for 'APU' is selected.
21:25:41 INFO  : 'ps7_init' command is executed.
21:25:41 INFO  : 'ps7_post_config' command is executed.
21:25:41 INFO  : Context for processor 'ps7_cortexa9_0' is selected.
21:25:41 INFO  : The application '/home/bernardo/vivado/Frequency_out/Frequency_out.sdk/top/Debug/top.elf' is downloaded to processor 'ps7_cortexa9_0'.
21:25:41 INFO  : 'configparams force-mem-access 0' command is executed.
21:25:41 INFO  : ----------------XSDB Script----------------
connect -url tcp:127.0.0.1:3121
source /home/bernardo/vivado/Frequency_out/Frequency_out.sdk/TOP_hw_platform_0/ps7_init.tcl
targets -set -nocase -filter {name =~"APU*" && jtag_cable_name =~ "Digilent Zed 210248780447"} -index 0
rst -system
after 3000
targets -set -filter {jtag_cable_name =~ "Digilent Zed 210248780447" && level==0} -index 1
fpga -file /home/bernardo/vivado/Frequency_out/Frequency_out.sdk/TOP_hw_platform_0/TOP.bit
targets -set -nocase -filter {name =~"APU*" && jtag_cable_name =~ "Digilent Zed 210248780447"} -index 0
loadhw -hw /home/bernardo/vivado/Frequency_out/Frequency_out.sdk/TOP_hw_platform_0/system.hdf -mem-ranges [list {0x40000000 0xbfffffff}]
configparams force-mem-access 1
targets -set -nocase -filter {name =~"APU*" && jtag_cable_name =~ "Digilent Zed 210248780447"} -index 0
ps7_init
ps7_post_config
targets -set -nocase -filter {name =~ "ARM*#0" && jtag_cable_name =~ "Digilent Zed 210248780447"} -index 0
dow /home/bernardo/vivado/Frequency_out/Frequency_out.sdk/top/Debug/top.elf
configparams force-mem-access 0
----------------End of Script----------------

21:25:41 INFO  : Memory regions updated for context APU
21:25:41 INFO  : Context for processor 'ps7_cortexa9_0' is selected.
21:25:41 INFO  : 'con' command is executed.
21:25:41 INFO  : ----------------XSDB Script (After Launch)----------------
targets -set -nocase -filter {name =~ "ARM*#0" && jtag_cable_name =~ "Digilent Zed 210248780447"} -index 0
con
----------------End of Script----------------

21:25:41 INFO  : Launch script is exported to file '/home/bernardo/vivado/Frequency_out/Frequency_out.sdk/.sdk/launch_scripts/xilinx_c-c++_application_(system_debugger)/system_debugger_using_debug_top.elf_on_local.tcl'
21:29:48 INFO  : SDK has detected change in the last modified timestamps for source hardware specification file Source:1729625376000,  Project:1729625107000
21:29:48 INFO  : Project TOP_hw_platform_0's source hardware specification located at /home/bernardo/vivado/Frequency_out/Frequency_out.sdk/TOP.hdf is now different from the local copy.
		 The local copy will be replaced with the source specification and your workspace will be updated.
21:29:49 INFO  : Copied contents of /home/bernardo/vivado/Frequency_out/Frequency_out.sdk/TOP.hdf into /TOP_hw_platform_0/system.hdf.
21:29:50 INFO  : Synchronizing projects in the workspace with the hardware platform specification changes.
21:29:51 INFO  : 
21:29:52 INFO  : Updating hardware inferred compiler options for top.
21:29:52 INFO  : Clearing existing target manager status.
21:29:52 INFO  : Closing and re-opening the MSS file of ther project top_bsp
21:29:52 INFO  : Workspace synchronized with the new hardware specification file. Cleaning dependent projects...
21:29:53 WARN  : Linker script will not be updated automatically. Users need to update it manually.
21:29:59 INFO  : Disconnected from the channel tcfchan#10.
21:30:00 INFO  : Connected to target on host '127.0.0.1' and port '3121'.
21:30:00 INFO  : Jtag cable 'Digilent Zed 210248780447' is selected.
21:30:00 INFO  : 'jtag frequency' command is executed.
21:30:00 INFO  : Sourcing of '/home/bernardo/vivado/Frequency_out/Frequency_out.sdk/TOP_hw_platform_0/ps7_init.tcl' is done.
21:30:00 INFO  : Context for 'APU' is selected.
21:30:00 INFO  : System reset is completed.
21:30:03 INFO  : 'after 3000' command is executed.
21:30:03 INFO  : 'targets -set -filter {jtag_cable_name =~ "Digilent Zed 210248780447" && level==0} -index 1' command is executed.
21:30:06 INFO  : FPGA configured successfully with bitstream "/home/bernardo/vivado/Frequency_out/Frequency_out.sdk/TOP_hw_platform_0/TOP.bit"
21:30:06 INFO  : Context for 'APU' is selected.
21:30:06 INFO  : Hardware design information is loaded from '/home/bernardo/vivado/Frequency_out/Frequency_out.sdk/TOP_hw_platform_0/system.hdf'.
21:30:06 INFO  : 'configparams force-mem-access 1' command is executed.
21:30:06 INFO  : Context for 'APU' is selected.
21:30:06 INFO  : 'ps7_init' command is executed.
21:30:06 INFO  : 'ps7_post_config' command is executed.
21:30:06 INFO  : Context for processor 'ps7_cortexa9_0' is selected.
21:30:06 INFO  : The application '/home/bernardo/vivado/Frequency_out/Frequency_out.sdk/top/Debug/top.elf' is downloaded to processor 'ps7_cortexa9_0'.
21:30:06 INFO  : 'configparams force-mem-access 0' command is executed.
21:30:06 INFO  : ----------------XSDB Script----------------
connect -url tcp:127.0.0.1:3121
source /home/bernardo/vivado/Frequency_out/Frequency_out.sdk/TOP_hw_platform_0/ps7_init.tcl
targets -set -nocase -filter {name =~"APU*" && jtag_cable_name =~ "Digilent Zed 210248780447"} -index 0
rst -system
after 3000
targets -set -filter {jtag_cable_name =~ "Digilent Zed 210248780447" && level==0} -index 1
fpga -file /home/bernardo/vivado/Frequency_out/Frequency_out.sdk/TOP_hw_platform_0/TOP.bit
targets -set -nocase -filter {name =~"APU*" && jtag_cable_name =~ "Digilent Zed 210248780447"} -index 0
loadhw -hw /home/bernardo/vivado/Frequency_out/Frequency_out.sdk/TOP_hw_platform_0/system.hdf -mem-ranges [list {0x40000000 0xbfffffff}]
configparams force-mem-access 1
targets -set -nocase -filter {name =~"APU*" && jtag_cable_name =~ "Digilent Zed 210248780447"} -index 0
ps7_init
ps7_post_config
targets -set -nocase -filter {name =~ "ARM*#0" && jtag_cable_name =~ "Digilent Zed 210248780447"} -index 0
dow /home/bernardo/vivado/Frequency_out/Frequency_out.sdk/top/Debug/top.elf
configparams force-mem-access 0
----------------End of Script----------------

21:30:06 INFO  : Memory regions updated for context APU
21:30:06 INFO  : Context for processor 'ps7_cortexa9_0' is selected.
21:30:06 INFO  : 'con' command is executed.
21:30:06 INFO  : ----------------XSDB Script (After Launch)----------------
targets -set -nocase -filter {name =~ "ARM*#0" && jtag_cable_name =~ "Digilent Zed 210248780447"} -index 0
con
----------------End of Script----------------

21:30:06 INFO  : Launch script is exported to file '/home/bernardo/vivado/Frequency_out/Frequency_out.sdk/.sdk/launch_scripts/xilinx_c-c++_application_(system_debugger)/system_debugger_using_debug_top.elf_on_local.tcl'
21:35:00 INFO  : SDK has detected change in the last modified timestamps for source hardware specification file Source:1729625689000,  Project:1729625376000
21:35:00 INFO  : Project TOP_hw_platform_0's source hardware specification located at /home/bernardo/vivado/Frequency_out/Frequency_out.sdk/TOP.hdf is now different from the local copy.
		 The local copy will be replaced with the source specification and your workspace will be updated.
21:35:06 INFO  : Copied contents of /home/bernardo/vivado/Frequency_out/Frequency_out.sdk/TOP.hdf into /TOP_hw_platform_0/system.hdf.
21:35:07 INFO  : Synchronizing projects in the workspace with the hardware platform specification changes.
21:35:08 INFO  : 
21:35:09 INFO  : Updating hardware inferred compiler options for top.
21:35:09 INFO  : Clearing existing target manager status.
21:35:09 INFO  : Closing and re-opening the MSS file of ther project top_bsp
21:35:09 INFO  : Workspace synchronized with the new hardware specification file. Cleaning dependent projects...
21:35:10 WARN  : Linker script will not be updated automatically. Users need to update it manually.
21:35:16 INFO  : Disconnected from the channel tcfchan#11.
21:35:17 INFO  : Connected to target on host '127.0.0.1' and port '3121'.
21:35:17 INFO  : Jtag cable 'Digilent Zed 210248780447' is selected.
21:35:17 INFO  : 'jtag frequency' command is executed.
21:35:17 INFO  : Sourcing of '/home/bernardo/vivado/Frequency_out/Frequency_out.sdk/TOP_hw_platform_0/ps7_init.tcl' is done.
21:35:17 INFO  : Context for 'APU' is selected.
21:35:17 INFO  : System reset is completed.
21:35:20 INFO  : 'after 3000' command is executed.
21:35:20 INFO  : 'targets -set -filter {jtag_cable_name =~ "Digilent Zed 210248780447" && level==0} -index 1' command is executed.
21:35:23 INFO  : FPGA configured successfully with bitstream "/home/bernardo/vivado/Frequency_out/Frequency_out.sdk/TOP_hw_platform_0/TOP.bit"
21:35:23 INFO  : Context for 'APU' is selected.
21:35:23 INFO  : Hardware design information is loaded from '/home/bernardo/vivado/Frequency_out/Frequency_out.sdk/TOP_hw_platform_0/system.hdf'.
21:35:23 INFO  : 'configparams force-mem-access 1' command is executed.
21:35:23 INFO  : Context for 'APU' is selected.
21:35:23 INFO  : 'ps7_init' command is executed.
21:35:23 INFO  : 'ps7_post_config' command is executed.
21:35:23 INFO  : Context for processor 'ps7_cortexa9_0' is selected.
21:35:23 INFO  : The application '/home/bernardo/vivado/Frequency_out/Frequency_out.sdk/top/Debug/top.elf' is downloaded to processor 'ps7_cortexa9_0'.
21:35:23 INFO  : 'configparams force-mem-access 0' command is executed.
21:35:23 INFO  : ----------------XSDB Script----------------
connect -url tcp:127.0.0.1:3121
source /home/bernardo/vivado/Frequency_out/Frequency_out.sdk/TOP_hw_platform_0/ps7_init.tcl
targets -set -nocase -filter {name =~"APU*" && jtag_cable_name =~ "Digilent Zed 210248780447"} -index 0
rst -system
after 3000
targets -set -filter {jtag_cable_name =~ "Digilent Zed 210248780447" && level==0} -index 1
fpga -file /home/bernardo/vivado/Frequency_out/Frequency_out.sdk/TOP_hw_platform_0/TOP.bit
targets -set -nocase -filter {name =~"APU*" && jtag_cable_name =~ "Digilent Zed 210248780447"} -index 0
loadhw -hw /home/bernardo/vivado/Frequency_out/Frequency_out.sdk/TOP_hw_platform_0/system.hdf -mem-ranges [list {0x40000000 0xbfffffff}]
configparams force-mem-access 1
targets -set -nocase -filter {name =~"APU*" && jtag_cable_name =~ "Digilent Zed 210248780447"} -index 0
ps7_init
ps7_post_config
targets -set -nocase -filter {name =~ "ARM*#0" && jtag_cable_name =~ "Digilent Zed 210248780447"} -index 0
dow /home/bernardo/vivado/Frequency_out/Frequency_out.sdk/top/Debug/top.elf
configparams force-mem-access 0
----------------End of Script----------------

21:35:23 INFO  : Memory regions updated for context APU
21:35:23 INFO  : Context for processor 'ps7_cortexa9_0' is selected.
21:35:23 INFO  : 'con' command is executed.
21:35:23 INFO  : ----------------XSDB Script (After Launch)----------------
targets -set -nocase -filter {name =~ "ARM*#0" && jtag_cable_name =~ "Digilent Zed 210248780447"} -index 0
con
----------------End of Script----------------

21:35:23 INFO  : Launch script is exported to file '/home/bernardo/vivado/Frequency_out/Frequency_out.sdk/.sdk/launch_scripts/xilinx_c-c++_application_(system_debugger)/system_debugger_using_debug_top.elf_on_local.tcl'
21:53:52 INFO  : Disconnected from the channel tcfchan#12.
21:53:53 INFO  : Connected to target on host '127.0.0.1' and port '3121'.
21:53:53 INFO  : Jtag cable 'Digilent Zed 210248780447' is selected.
21:53:53 INFO  : 'jtag frequency' command is executed.
21:53:53 INFO  : Sourcing of '/home/bernardo/vivado/Frequency_out/Frequency_out.sdk/TOP_hw_platform_0/ps7_init.tcl' is done.
21:53:53 INFO  : Context for 'APU' is selected.
21:53:53 INFO  : System reset is completed.
21:53:56 INFO  : 'after 3000' command is executed.
21:53:56 INFO  : 'targets -set -filter {jtag_cable_name =~ "Digilent Zed 210248780447" && level==0} -index 1' command is executed.
21:54:00 INFO  : FPGA configured successfully with bitstream "/home/bernardo/vivado/Frequency_out/Frequency_out.sdk/TOP_hw_platform_0/TOP.bit"
21:54:00 INFO  : Context for 'APU' is selected.
21:54:00 INFO  : Hardware design information is loaded from '/home/bernardo/vivado/Frequency_out/Frequency_out.sdk/TOP_hw_platform_0/system.hdf'.
21:54:00 INFO  : 'configparams force-mem-access 1' command is executed.
21:54:00 INFO  : Context for 'APU' is selected.
21:54:00 INFO  : 'ps7_init' command is executed.
21:54:00 INFO  : 'ps7_post_config' command is executed.
21:54:00 INFO  : Context for processor 'ps7_cortexa9_0' is selected.
21:54:01 INFO  : The application '/home/bernardo/vivado/Frequency_out/Frequency_out.sdk/top/Debug/top.elf' is downloaded to processor 'ps7_cortexa9_0'.
21:54:01 INFO  : 'configparams force-mem-access 0' command is executed.
21:54:01 INFO  : ----------------XSDB Script----------------
connect -url tcp:127.0.0.1:3121
source /home/bernardo/vivado/Frequency_out/Frequency_out.sdk/TOP_hw_platform_0/ps7_init.tcl
targets -set -nocase -filter {name =~"APU*" && jtag_cable_name =~ "Digilent Zed 210248780447"} -index 0
rst -system
after 3000
targets -set -filter {jtag_cable_name =~ "Digilent Zed 210248780447" && level==0} -index 1
fpga -file /home/bernardo/vivado/Frequency_out/Frequency_out.sdk/TOP_hw_platform_0/TOP.bit
targets -set -nocase -filter {name =~"APU*" && jtag_cable_name =~ "Digilent Zed 210248780447"} -index 0
loadhw -hw /home/bernardo/vivado/Frequency_out/Frequency_out.sdk/TOP_hw_platform_0/system.hdf -mem-ranges [list {0x40000000 0xbfffffff}]
configparams force-mem-access 1
targets -set -nocase -filter {name =~"APU*" && jtag_cable_name =~ "Digilent Zed 210248780447"} -index 0
ps7_init
ps7_post_config
targets -set -nocase -filter {name =~ "ARM*#0" && jtag_cable_name =~ "Digilent Zed 210248780447"} -index 0
dow /home/bernardo/vivado/Frequency_out/Frequency_out.sdk/top/Debug/top.elf
configparams force-mem-access 0
----------------End of Script----------------

21:54:01 INFO  : Memory regions updated for context APU
21:54:01 INFO  : Context for processor 'ps7_cortexa9_0' is selected.
21:54:01 INFO  : 'con' command is executed.
21:54:01 INFO  : ----------------XSDB Script (After Launch)----------------
targets -set -nocase -filter {name =~ "ARM*#0" && jtag_cable_name =~ "Digilent Zed 210248780447"} -index 0
con
----------------End of Script----------------

21:54:01 INFO  : Launch script is exported to file '/home/bernardo/vivado/Frequency_out/Frequency_out.sdk/.sdk/launch_scripts/xilinx_c-c++_application_(system_debugger)/system_debugger_using_debug_top.elf_on_local.tcl'
21:54:34 INFO  : Disconnected from the channel tcfchan#13.
21:54:35 INFO  : Connected to target on host '127.0.0.1' and port '3121'.
21:54:35 INFO  : Jtag cable 'Digilent Zed 210248780447' is selected.
21:54:35 INFO  : 'jtag frequency' command is executed.
21:54:35 INFO  : Sourcing of '/home/bernardo/vivado/Frequency_out/Frequency_out.sdk/TOP_hw_platform_0/ps7_init.tcl' is done.
21:54:35 INFO  : Context for 'APU' is selected.
21:54:35 INFO  : System reset is completed.
21:54:38 INFO  : 'after 3000' command is executed.
21:54:38 INFO  : 'targets -set -filter {jtag_cable_name =~ "Digilent Zed 210248780447" && level==0} -index 1' command is executed.
21:54:43 INFO  : FPGA configured successfully with bitstream "/home/bernardo/vivado/Frequency_out/Frequency_out.sdk/TOP_hw_platform_0/TOP.bit"
21:54:43 INFO  : Context for 'APU' is selected.
21:54:43 INFO  : Hardware design information is loaded from '/home/bernardo/vivado/Frequency_out/Frequency_out.sdk/TOP_hw_platform_0/system.hdf'.
21:54:43 INFO  : 'configparams force-mem-access 1' command is executed.
21:54:43 INFO  : Context for 'APU' is selected.
21:54:43 INFO  : 'ps7_init' command is executed.
21:54:43 INFO  : 'ps7_post_config' command is executed.
21:54:43 INFO  : Context for processor 'ps7_cortexa9_0' is selected.
21:54:43 INFO  : The application '/home/bernardo/vivado/Frequency_out/Frequency_out.sdk/top/Debug/top.elf' is downloaded to processor 'ps7_cortexa9_0'.
21:54:43 INFO  : 'configparams force-mem-access 0' command is executed.
21:54:43 INFO  : ----------------XSDB Script----------------
connect -url tcp:127.0.0.1:3121
source /home/bernardo/vivado/Frequency_out/Frequency_out.sdk/TOP_hw_platform_0/ps7_init.tcl
targets -set -nocase -filter {name =~"APU*" && jtag_cable_name =~ "Digilent Zed 210248780447"} -index 0
rst -system
after 3000
targets -set -filter {jtag_cable_name =~ "Digilent Zed 210248780447" && level==0} -index 1
fpga -file /home/bernardo/vivado/Frequency_out/Frequency_out.sdk/TOP_hw_platform_0/TOP.bit
targets -set -nocase -filter {name =~"APU*" && jtag_cable_name =~ "Digilent Zed 210248780447"} -index 0
loadhw -hw /home/bernardo/vivado/Frequency_out/Frequency_out.sdk/TOP_hw_platform_0/system.hdf -mem-ranges [list {0x40000000 0xbfffffff}]
configparams force-mem-access 1
targets -set -nocase -filter {name =~"APU*" && jtag_cable_name =~ "Digilent Zed 210248780447"} -index 0
ps7_init
ps7_post_config
targets -set -nocase -filter {name =~ "ARM*#0" && jtag_cable_name =~ "Digilent Zed 210248780447"} -index 0
dow /home/bernardo/vivado/Frequency_out/Frequency_out.sdk/top/Debug/top.elf
configparams force-mem-access 0
----------------End of Script----------------

21:54:43 INFO  : Memory regions updated for context APU
21:54:43 INFO  : Context for processor 'ps7_cortexa9_0' is selected.
21:54:43 INFO  : 'con' command is executed.
21:54:43 INFO  : ----------------XSDB Script (After Launch)----------------
targets -set -nocase -filter {name =~ "ARM*#0" && jtag_cable_name =~ "Digilent Zed 210248780447"} -index 0
con
----------------End of Script----------------

21:54:43 INFO  : Launch script is exported to file '/home/bernardo/vivado/Frequency_out/Frequency_out.sdk/.sdk/launch_scripts/xilinx_c-c++_application_(system_debugger)/system_debugger_using_debug_top.elf_on_local.tcl'
21:58:30 INFO  : SDK has detected change in the last modified timestamps for source hardware specification file Source:1729627093000,  Project:1729625689000
21:58:30 INFO  : Project TOP_hw_platform_0's source hardware specification located at /home/bernardo/vivado/Frequency_out/Frequency_out.sdk/TOP.hdf is now different from the local copy.
		 The local copy will be replaced with the source specification and your workspace will be updated.
21:58:32 INFO  : Copied contents of /home/bernardo/vivado/Frequency_out/Frequency_out.sdk/TOP.hdf into /TOP_hw_platform_0/system.hdf.
21:58:33 INFO  : Synchronizing projects in the workspace with the hardware platform specification changes.
21:58:34 INFO  : 
21:58:35 INFO  : Updating hardware inferred compiler options for top.
21:58:35 INFO  : Clearing existing target manager status.
21:58:35 INFO  : Closing and re-opening the MSS file of ther project top_bsp
21:58:35 INFO  : Workspace synchronized with the new hardware specification file. Cleaning dependent projects...
21:58:36 WARN  : Linker script will not be updated automatically. Users need to update it manually.
21:58:43 INFO  : Disconnected from the channel tcfchan#14.
21:58:44 INFO  : Connected to target on host '127.0.0.1' and port '3121'.
21:58:45 INFO  : Jtag cable 'Digilent Zed 210248780447' is selected.
21:58:45 INFO  : 'jtag frequency' command is executed.
21:58:45 INFO  : Sourcing of '/home/bernardo/vivado/Frequency_out/Frequency_out.sdk/TOP_hw_platform_0/ps7_init.tcl' is done.
21:58:45 INFO  : Context for 'APU' is selected.
21:58:45 INFO  : System reset is completed.
21:58:48 INFO  : 'after 3000' command is executed.
21:58:48 INFO  : 'targets -set -filter {jtag_cable_name =~ "Digilent Zed 210248780447" && level==0} -index 1' command is executed.
21:58:52 INFO  : FPGA configured successfully with bitstream "/home/bernardo/vivado/Frequency_out/Frequency_out.sdk/TOP_hw_platform_0/TOP.bit"
21:58:52 INFO  : Context for 'APU' is selected.
21:58:52 INFO  : Hardware design information is loaded from '/home/bernardo/vivado/Frequency_out/Frequency_out.sdk/TOP_hw_platform_0/system.hdf'.
21:58:52 INFO  : 'configparams force-mem-access 1' command is executed.
21:58:52 INFO  : Context for 'APU' is selected.
21:58:53 INFO  : 'ps7_init' command is executed.
21:58:53 INFO  : 'ps7_post_config' command is executed.
21:58:53 INFO  : Context for processor 'ps7_cortexa9_0' is selected.
21:58:53 INFO  : The application '/home/bernardo/vivado/Frequency_out/Frequency_out.sdk/top/Debug/top.elf' is downloaded to processor 'ps7_cortexa9_0'.
21:58:53 INFO  : 'configparams force-mem-access 0' command is executed.
21:58:53 INFO  : ----------------XSDB Script----------------
connect -url tcp:127.0.0.1:3121
source /home/bernardo/vivado/Frequency_out/Frequency_out.sdk/TOP_hw_platform_0/ps7_init.tcl
targets -set -nocase -filter {name =~"APU*" && jtag_cable_name =~ "Digilent Zed 210248780447"} -index 0
rst -system
after 3000
targets -set -filter {jtag_cable_name =~ "Digilent Zed 210248780447" && level==0} -index 1
fpga -file /home/bernardo/vivado/Frequency_out/Frequency_out.sdk/TOP_hw_platform_0/TOP.bit
targets -set -nocase -filter {name =~"APU*" && jtag_cable_name =~ "Digilent Zed 210248780447"} -index 0
loadhw -hw /home/bernardo/vivado/Frequency_out/Frequency_out.sdk/TOP_hw_platform_0/system.hdf -mem-ranges [list {0x40000000 0xbfffffff}]
configparams force-mem-access 1
targets -set -nocase -filter {name =~"APU*" && jtag_cable_name =~ "Digilent Zed 210248780447"} -index 0
ps7_init
ps7_post_config
targets -set -nocase -filter {name =~ "ARM*#0" && jtag_cable_name =~ "Digilent Zed 210248780447"} -index 0
dow /home/bernardo/vivado/Frequency_out/Frequency_out.sdk/top/Debug/top.elf
configparams force-mem-access 0
----------------End of Script----------------

21:58:53 INFO  : Memory regions updated for context APU
21:58:53 INFO  : Context for processor 'ps7_cortexa9_0' is selected.
21:58:53 INFO  : 'con' command is executed.
21:58:53 INFO  : ----------------XSDB Script (After Launch)----------------
targets -set -nocase -filter {name =~ "ARM*#0" && jtag_cable_name =~ "Digilent Zed 210248780447"} -index 0
con
----------------End of Script----------------

21:58:53 INFO  : Launch script is exported to file '/home/bernardo/vivado/Frequency_out/Frequency_out.sdk/.sdk/launch_scripts/xilinx_c-c++_application_(system_debugger)/system_debugger_using_debug_top.elf_on_local.tcl'
22:07:55 INFO  : SDK has detected change in the last modified timestamps for source hardware specification file Source:1729627660000,  Project:1729627093000
22:07:55 INFO  : Project TOP_hw_platform_0's source hardware specification located at /home/bernardo/vivado/Frequency_out/Frequency_out.sdk/TOP.hdf is now different from the local copy.
		 The local copy will be replaced with the source specification and your workspace will be updated.
22:08:26 INFO  : Copied contents of /home/bernardo/vivado/Frequency_out/Frequency_out.sdk/TOP.hdf into /TOP_hw_platform_0/system.hdf.
22:08:28 INFO  : Synchronizing projects in the workspace with the hardware platform specification changes.
22:08:29 INFO  : 
22:08:30 INFO  : Updating hardware inferred compiler options for top.
22:08:30 INFO  : Clearing existing target manager status.
22:08:30 INFO  : Closing and re-opening the MSS file of ther project top_bsp
22:08:30 INFO  : Workspace synchronized with the new hardware specification file. Cleaning dependent projects...
22:08:30 WARN  : Linker script will not be updated automatically. Users need to update it manually.
22:08:41 INFO  : Disconnected from the channel tcfchan#15.
22:08:42 INFO  : Connected to target on host '127.0.0.1' and port '3121'.
22:08:42 INFO  : Jtag cable 'Digilent Zed 210248780447' is selected.
22:08:42 INFO  : 'jtag frequency' command is executed.
22:08:42 INFO  : Sourcing of '/home/bernardo/vivado/Frequency_out/Frequency_out.sdk/TOP_hw_platform_0/ps7_init.tcl' is done.
22:08:42 INFO  : Context for 'APU' is selected.
22:08:42 INFO  : System reset is completed.
22:08:45 INFO  : 'after 3000' command is executed.
22:08:45 INFO  : 'targets -set -filter {jtag_cable_name =~ "Digilent Zed 210248780447" && level==0} -index 1' command is executed.
22:08:50 INFO  : FPGA configured successfully with bitstream "/home/bernardo/vivado/Frequency_out/Frequency_out.sdk/TOP_hw_platform_0/TOP.bit"
22:08:50 INFO  : Context for 'APU' is selected.
22:08:50 INFO  : Hardware design information is loaded from '/home/bernardo/vivado/Frequency_out/Frequency_out.sdk/TOP_hw_platform_0/system.hdf'.
22:08:50 INFO  : 'configparams force-mem-access 1' command is executed.
22:08:50 INFO  : Context for 'APU' is selected.
22:08:50 INFO  : 'ps7_init' command is executed.
22:08:50 INFO  : 'ps7_post_config' command is executed.
22:08:50 INFO  : Context for processor 'ps7_cortexa9_0' is selected.
22:08:50 INFO  : The application '/home/bernardo/vivado/Frequency_out/Frequency_out.sdk/top/Debug/top.elf' is downloaded to processor 'ps7_cortexa9_0'.
22:08:50 INFO  : 'configparams force-mem-access 0' command is executed.
22:08:50 INFO  : ----------------XSDB Script----------------
connect -url tcp:127.0.0.1:3121
source /home/bernardo/vivado/Frequency_out/Frequency_out.sdk/TOP_hw_platform_0/ps7_init.tcl
targets -set -nocase -filter {name =~"APU*" && jtag_cable_name =~ "Digilent Zed 210248780447"} -index 0
rst -system
after 3000
targets -set -filter {jtag_cable_name =~ "Digilent Zed 210248780447" && level==0} -index 1
fpga -file /home/bernardo/vivado/Frequency_out/Frequency_out.sdk/TOP_hw_platform_0/TOP.bit
targets -set -nocase -filter {name =~"APU*" && jtag_cable_name =~ "Digilent Zed 210248780447"} -index 0
loadhw -hw /home/bernardo/vivado/Frequency_out/Frequency_out.sdk/TOP_hw_platform_0/system.hdf -mem-ranges [list {0x40000000 0xbfffffff}]
configparams force-mem-access 1
targets -set -nocase -filter {name =~"APU*" && jtag_cable_name =~ "Digilent Zed 210248780447"} -index 0
ps7_init
ps7_post_config
targets -set -nocase -filter {name =~ "ARM*#0" && jtag_cable_name =~ "Digilent Zed 210248780447"} -index 0
dow /home/bernardo/vivado/Frequency_out/Frequency_out.sdk/top/Debug/top.elf
configparams force-mem-access 0
----------------End of Script----------------

22:08:50 INFO  : Memory regions updated for context APU
22:08:50 INFO  : Context for processor 'ps7_cortexa9_0' is selected.
22:08:50 INFO  : 'con' command is executed.
22:08:50 INFO  : ----------------XSDB Script (After Launch)----------------
targets -set -nocase -filter {name =~ "ARM*#0" && jtag_cable_name =~ "Digilent Zed 210248780447"} -index 0
con
----------------End of Script----------------

22:08:50 INFO  : Launch script is exported to file '/home/bernardo/vivado/Frequency_out/Frequency_out.sdk/.sdk/launch_scripts/xilinx_c-c++_application_(system_debugger)/system_debugger_using_debug_top.elf_on_local.tcl'
22:16:14 INFO  : SDK has detected change in the last modified timestamps for source hardware specification file Source:1729628162000,  Project:1729627660000
22:16:14 INFO  : Project TOP_hw_platform_0's source hardware specification located at /home/bernardo/vivado/Frequency_out/Frequency_out.sdk/TOP.hdf is now different from the local copy.
		 The local copy will be replaced with the source specification and your workspace will be updated.
22:16:16 INFO  : Copied contents of /home/bernardo/vivado/Frequency_out/Frequency_out.sdk/TOP.hdf into /TOP_hw_platform_0/system.hdf.
22:16:17 INFO  : Synchronizing projects in the workspace with the hardware platform specification changes.
22:16:18 INFO  : 
22:16:18 INFO  : Updating hardware inferred compiler options for top.
22:16:18 INFO  : Clearing existing target manager status.
22:16:18 INFO  : Closing and re-opening the MSS file of ther project top_bsp
22:16:19 INFO  : Workspace synchronized with the new hardware specification file. Cleaning dependent projects...
22:16:19 WARN  : Linker script will not be updated automatically. Users need to update it manually.
22:16:27 INFO  : Disconnected from the channel tcfchan#16.
22:16:28 INFO  : Connected to target on host '127.0.0.1' and port '3121'.
22:16:28 INFO  : Jtag cable 'Digilent Zed 210248780447' is selected.
22:16:28 INFO  : 'jtag frequency' command is executed.
22:16:28 INFO  : Sourcing of '/home/bernardo/vivado/Frequency_out/Frequency_out.sdk/TOP_hw_platform_0/ps7_init.tcl' is done.
22:16:28 INFO  : Context for 'APU' is selected.
22:16:29 INFO  : System reset is completed.
22:16:32 INFO  : 'after 3000' command is executed.
22:16:32 INFO  : 'targets -set -filter {jtag_cable_name =~ "Digilent Zed 210248780447" && level==0} -index 1' command is executed.
22:16:36 INFO  : FPGA configured successfully with bitstream "/home/bernardo/vivado/Frequency_out/Frequency_out.sdk/TOP_hw_platform_0/TOP.bit"
22:16:36 INFO  : Context for 'APU' is selected.
22:16:36 INFO  : Hardware design information is loaded from '/home/bernardo/vivado/Frequency_out/Frequency_out.sdk/TOP_hw_platform_0/system.hdf'.
22:16:36 INFO  : 'configparams force-mem-access 1' command is executed.
22:16:36 INFO  : Context for 'APU' is selected.
22:16:36 INFO  : 'ps7_init' command is executed.
22:16:36 INFO  : 'ps7_post_config' command is executed.
22:16:36 INFO  : Context for processor 'ps7_cortexa9_0' is selected.
22:16:36 INFO  : The application '/home/bernardo/vivado/Frequency_out/Frequency_out.sdk/top/Debug/top.elf' is downloaded to processor 'ps7_cortexa9_0'.
22:16:36 INFO  : 'configparams force-mem-access 0' command is executed.
22:16:36 INFO  : ----------------XSDB Script----------------
connect -url tcp:127.0.0.1:3121
source /home/bernardo/vivado/Frequency_out/Frequency_out.sdk/TOP_hw_platform_0/ps7_init.tcl
targets -set -nocase -filter {name =~"APU*" && jtag_cable_name =~ "Digilent Zed 210248780447"} -index 0
rst -system
after 3000
targets -set -filter {jtag_cable_name =~ "Digilent Zed 210248780447" && level==0} -index 1
fpga -file /home/bernardo/vivado/Frequency_out/Frequency_out.sdk/TOP_hw_platform_0/TOP.bit
targets -set -nocase -filter {name =~"APU*" && jtag_cable_name =~ "Digilent Zed 210248780447"} -index 0
loadhw -hw /home/bernardo/vivado/Frequency_out/Frequency_out.sdk/TOP_hw_platform_0/system.hdf -mem-ranges [list {0x40000000 0xbfffffff}]
configparams force-mem-access 1
targets -set -nocase -filter {name =~"APU*" && jtag_cable_name =~ "Digilent Zed 210248780447"} -index 0
ps7_init
ps7_post_config
targets -set -nocase -filter {name =~ "ARM*#0" && jtag_cable_name =~ "Digilent Zed 210248780447"} -index 0
dow /home/bernardo/vivado/Frequency_out/Frequency_out.sdk/top/Debug/top.elf
configparams force-mem-access 0
----------------End of Script----------------

22:16:36 INFO  : Memory regions updated for context APU
22:16:36 INFO  : Context for processor 'ps7_cortexa9_0' is selected.
22:16:36 INFO  : 'con' command is executed.
22:16:36 INFO  : ----------------XSDB Script (After Launch)----------------
targets -set -nocase -filter {name =~ "ARM*#0" && jtag_cable_name =~ "Digilent Zed 210248780447"} -index 0
con
----------------End of Script----------------

22:16:36 INFO  : Launch script is exported to file '/home/bernardo/vivado/Frequency_out/Frequency_out.sdk/.sdk/launch_scripts/xilinx_c-c++_application_(system_debugger)/system_debugger_using_debug_top.elf_on_local.tcl'
14:58:36 ERROR : (XSDB Server)Hangup

